[2020-10-22 01:58:04.591] [main] [info] update#ctor - updates are disabled as there is no update URL
[2020-10-22 01:58:04.866] [main] [error] [storage state.vscdb] open(): Unable to open DB due to Error: Cannot find module '../build/Release/sqlite'
Require stack:
- /usr/share/code-oss/resources/app/node_modules.asar/vscode-sqlite3/lib/sqlite3.js
- /usr/share/code-oss/resources/app/out/bootstrap-amd.js
- /usr/share/code-oss/resources/app/out/main.js
- 
[2020-10-22 01:58:04.916] [main] [error] [storage state.vscdb] open(): Unable to use backup due to Error: ENOENT: no such file or directory, unlink '/home/pi/Documents/code_projects/EPIJudge/EPIJudge/User/globalStorage/state.vscdb'
[2020-10-22 01:58:04.917] [main] [error] [storage] init(): Unable to init global storage due to Error: Cannot find module '../build/Release/sqlite'
Require stack:
- /usr/share/code-oss/resources/app/node_modules.asar/vscode-sqlite3/lib/sqlite3.js
- /usr/share/code-oss/resources/app/out/bootstrap-amd.js
- /usr/share/code-oss/resources/app/out/main.js
- 
[2020-10-22 01:58:05.087] [main] [error] [uncaught exception in main]: Error: Cannot find module '../build/Release/sqlite'
Require stack:
- /usr/share/code-oss/resources/app/node_modules.asar/vscode-sqlite3/lib/sqlite3.js
- /usr/share/code-oss/resources/app/out/bootstrap-amd.js
- /usr/share/code-oss/resources/app/out/main.js
- 
[2020-10-22 01:58:05.087] [main] [error] Error: Cannot find module '../build/Release/sqlite'
Require stack:
- /usr/share/code-oss/resources/app/node_modules.asar/vscode-sqlite3/lib/sqlite3.js
- /usr/share/code-oss/resources/app/out/bootstrap-amd.js
- /usr/share/code-oss/resources/app/out/main.js
- 
    at Module._resolveFilename (internal/modules/cjs/loader.js:717:15)
    at Function../lib/common/reset-search-paths.ts.Module._resolveFilename (electron/js2c/browser_init.js:7645:16)
    at Module._load (internal/modules/cjs/loader.js:622:27)
    at Module._load (electron/js2c/asar.js:717:26)
    at Function.Module._load (electron/js2c/asar.js:717:26)
    at Module.require (internal/modules/cjs/loader.js:775:19)
    at require (/usr/share/code-oss/resources/app/out/vs/loader.js:694:36)
    at Object.<anonymous> (/usr/share/code-oss/resources/app/node_modules.asar/vscode-sqlite3/lib/sqlite3.js:1:77)
    at Module._compile (/usr/share/code-oss/resources/app/out/vs/loader.js:731:45)
    at Object.Module._extensions..js (internal/modules/cjs/loader.js:892:10)
    at Module.load (internal/modules/cjs/loader.js:735:32)
    at Module._load (internal/modules/cjs/loader.js:648:12)
    at Module._load (electron/js2c/asar.js:717:26)
    at Function.Module._load (electron/js2c/asar.js:717:26)
    at Module.require (internal/modules/cjs/loader.js:775:19)
    at require (internal/modules/cjs/helpers.js:68:18)
    at NodeScriptLoader.load (/usr/share/code-oss/resources/app/out/vs/loader.js:750:39)
    at OnlyOnceScriptLoader.load (/usr/share/code-oss/resources/app/out/vs/loader.js:588:32)
    at loadNextPath (/usr/share/code-oss/resources/app/out/vs/loader.js:1530:41)
    at Object.errorback (/usr/share/code-oss/resources/app/out/vs/loader.js:1538:25)
    at OnlyOnceScriptLoader.triggerErrorback (/usr/share/code-oss/resources/app/out/vs/loader.js:601:36)
    at /usr/share/code-oss/resources/app/out/vs/loader.js:588:151
    at /usr/share/code-oss/resources/app/out/vs/loader.js:767:25
    at step_1 (/usr/share/code-oss/resources/app/out/vs/loader.js:889:25)
    at ReadFileContext.callback (/usr/share/code-oss/resources/app/out/vs/loader.js:897:21)
    at FSReqCallback.readFileAfterOpen [as oncomplete] (fs.js:246:13)
[2020-10-22 01:58:09.140] [main] [error] [uncaught exception in main]: Error: Cannot find module '../build/Release/sqlite'
Require stack:
- /usr/share/code-oss/resources/app/node_modules.asar/vscode-sqlite3/lib/sqlite3.js
- /usr/share/code-oss/resources/app/out/bootstrap-amd.js
- /usr/share/code-oss/resources/app/out/main.js
- 
[2020-10-22 01:58:09.140] [main] [error] Error: Cannot find module '../build/Release/sqlite'
Require stack:
- /usr/share/code-oss/resources/app/node_modules.asar/vscode-sqlite3/lib/sqlite3.js
- /usr/share/code-oss/resources/app/out/bootstrap-amd.js
- /usr/share/code-oss/resources/app/out/main.js
- 
    at Module._resolveFilename (internal/modules/cjs/loader.js:717:15)
    at Function../lib/common/reset-search-paths.ts.Module._resolveFilename (electron/js2c/browser_init.js:7645:16)
    at Module._load (internal/modules/cjs/loader.js:622:27)
    at Module._load (electron/js2c/asar.js:717:26)
    at Function.Module._load (electron/js2c/asar.js:717:26)
    at Module.require (internal/modules/cjs/loader.js:775:19)
    at require (/usr/share/code-oss/resources/app/out/vs/loader.js:694:36)
    at Object.<anonymous> (/usr/share/code-oss/resources/app/node_modules.asar/vscode-sqlite3/lib/sqlite3.js:1:77)
    at Module._compile (/usr/share/code-oss/resources/app/out/vs/loader.js:731:45)
    at Object.Module._extensions..js (internal/modules/cjs/loader.js:892:10)
    at Module.load (internal/modules/cjs/loader.js:735:32)
    at Module._load (internal/modules/cjs/loader.js:648:12)
    at Module._load (electron/js2c/asar.js:717:26)
    at Function.Module._load (electron/js2c/asar.js:717:26)
    at Module.require (internal/modules/cjs/loader.js:775:19)
    at require (internal/modules/cjs/helpers.js:68:18)
    at NodeScriptLoader.load (/usr/share/code-oss/resources/app/out/vs/loader.js:750:39)
    at OnlyOnceScriptLoader.load (/usr/share/code-oss/resources/app/out/vs/loader.js:588:32)
    at loadNextPath (/usr/share/code-oss/resources/app/out/vs/loader.js:1530:41)
    at Object.errorback (/usr/share/code-oss/resources/app/out/vs/loader.js:1538:25)
    at OnlyOnceScriptLoader.triggerErrorback (/usr/share/code-oss/resources/app/out/vs/loader.js:601:36)
    at /usr/share/code-oss/resources/app/out/vs/loader.js:588:151
    at /usr/share/code-oss/resources/app/out/vs/loader.js:767:25
    at step_1 (/usr/share/code-oss/resources/app/out/vs/loader.js:889:25)
    at ReadFileContext.callback (/usr/share/code-oss/resources/app/out/vs/loader.js:897:21)
    at FSReqCallback.readFileAfterOpen [as oncomplete] (fs.js:246:13)
[2020-10-22 01:58:10.105] [main] [error] [uncaught exception in main]: Error: Cannot find module '../build/Release/sqlite'
Require stack:
- /usr/share/code-oss/resources/app/node_modules.asar/vscode-sqlite3/lib/sqlite3.js
- /usr/share/code-oss/resources/app/out/bootstrap-amd.js
- /usr/share/code-oss/resources/app/out/main.js
- 
[2020-10-22 01:58:10.105] [main] [error] Error: Cannot find module '../build/Release/sqlite'
Require stack:
- /usr/share/code-oss/resources/app/node_modules.asar/vscode-sqlite3/lib/sqlite3.js
- /usr/share/code-oss/resources/app/out/bootstrap-amd.js
- /usr/share/code-oss/resources/app/out/main.js
- 
    at Module._resolveFilename (internal/modules/cjs/loader.js:717:15)
    at Function../lib/common/reset-search-paths.ts.Module._resolveFilename (electron/js2c/browser_init.js:7645:16)
    at Module._load (internal/modules/cjs/loader.js:622:27)
    at Module._load (electron/js2c/asar.js:717:26)
    at Function.Module._load (electron/js2c/asar.js:717:26)
    at Module.require (internal/modules/cjs/loader.js:775:19)
    at require (/usr/share/code-oss/resources/app/out/vs/loader.js:694:36)
    at Object.<anonymous> (/usr/share/code-oss/resources/app/node_modules.asar/vscode-sqlite3/lib/sqlite3.js:1:77)
    at Module._compile (/usr/share/code-oss/resources/app/out/vs/loader.js:731:45)
    at Object.Module._extensions..js (internal/modules/cjs/loader.js:892:10)
    at Module.load (internal/modules/cjs/loader.js:735:32)
    at Module._load (internal/modules/cjs/loader.js:648:12)
    at Module._load (electron/js2c/asar.js:717:26)
    at Function.Module._load (electron/js2c/asar.js:717:26)
    at Module.require (internal/modules/cjs/loader.js:775:19)
    at require (internal/modules/cjs/helpers.js:68:18)
    at NodeScriptLoader.load (/usr/share/code-oss/resources/app/out/vs/loader.js:750:39)
    at OnlyOnceScriptLoader.load (/usr/share/code-oss/resources/app/out/vs/loader.js:588:32)
    at loadNextPath (/usr/share/code-oss/resources/app/out/vs/loader.js:1530:41)
    at Object.errorback (/usr/share/code-oss/resources/app/out/vs/loader.js:1538:25)
    at OnlyOnceScriptLoader.triggerErrorback (/usr/share/code-oss/resources/app/out/vs/loader.js:601:36)
    at /usr/share/code-oss/resources/app/out/vs/loader.js:588:151
    at /usr/share/code-oss/resources/app/out/vs/loader.js:767:25
    at step_1 (/usr/share/code-oss/resources/app/out/vs/loader.js:889:25)
    at ReadFileContext.callback (/usr/share/code-oss/resources/app/out/vs/loader.js:897:21)
    at FSReqCallback.readFileAfterOpen [as oncomplete] (fs.js:246:13)
[2020-10-22 01:58:10.689] [main] [error] [uncaught exception in main]: Error: Cannot find module '../build/Release/sqlite'
Require stack:
- /usr/share/code-oss/resources/app/node_modules.asar/vscode-sqlite3/lib/sqlite3.js
- /usr/share/code-oss/resources/app/out/bootstrap-amd.js
- /usr/share/code-oss/resources/app/out/main.js
- 
[2020-10-22 01:58:10.689] [main] [error] Error: Cannot find module '../build/Release/sqlite'
Require stack:
- /usr/share/code-oss/resources/app/node_modules.asar/vscode-sqlite3/lib/sqlite3.js
- /usr/share/code-oss/resources/app/out/bootstrap-amd.js
- /usr/share/code-oss/resources/app/out/main.js
- 
    at Module._resolveFilename (internal/modules/cjs/loader.js:717:15)
    at Function../lib/common/reset-search-paths.ts.Module._resolveFilename (electron/js2c/browser_init.js:7645:16)
    at Module._load (internal/modules/cjs/loader.js:622:27)
    at Module._load (electron/js2c/asar.js:717:26)
    at Function.Module._load (electron/js2c/asar.js:717:26)
    at Module.require (internal/modules/cjs/loader.js:775:19)
    at require (/usr/share/code-oss/resources/app/out/vs/loader.js:694:36)
    at Object.<anonymous> (/usr/share/code-oss/resources/app/node_modules.asar/vscode-sqlite3/lib/sqlite3.js:1:77)
    at Module._compile (/usr/share/code-oss/resources/app/out/vs/loader.js:731:45)
    at Object.Module._extensions..js (internal/modules/cjs/loader.js:892:10)
    at Module.load (internal/modules/cjs/loader.js:735:32)
    at Module._load (internal/modules/cjs/loader.js:648:12)
    at Module._load (electron/js2c/asar.js:717:26)
    at Function.Module._load (electron/js2c/asar.js:717:26)
    at Module.require (internal/modules/cjs/loader.js:775:19)
    at require (internal/modules/cjs/helpers.js:68:18)
    at NodeScriptLoader.load (/usr/share/code-oss/resources/app/out/vs/loader.js:750:39)
    at OnlyOnceScriptLoader.load (/usr/share/code-oss/resources/app/out/vs/loader.js:588:32)
    at loadNextPath (/usr/share/code-oss/resources/app/out/vs/loader.js:1530:41)
    at Object.errorback (/usr/share/code-oss/resources/app/out/vs/loader.js:1538:25)
    at OnlyOnceScriptLoader.triggerErrorback (/usr/share/code-oss/resources/app/out/vs/loader.js:601:36)
    at /usr/share/code-oss/resources/app/out/vs/loader.js:588:151
    at /usr/share/code-oss/resources/app/out/vs/loader.js:767:25
    at step_1 (/usr/share/code-oss/resources/app/out/vs/loader.js:889:25)
    at ReadFileContext.callback (/usr/share/code-oss/resources/app/out/vs/loader.js:897:21)
    at FSReqCallback.readFileAfterOpen [as oncomplete] (fs.js:246:13)
[2020-10-22 01:58:10.986] [main] [error] [uncaught exception in main]: Error: Cannot find module '../build/Release/sqlite'
Require stack:
- /usr/share/code-oss/resources/app/node_modules.asar/vscode-sqlite3/lib/sqlite3.js
- /usr/share/code-oss/resources/app/out/bootstrap-amd.js
- /usr/share/code-oss/resources/app/out/main.js
- 
[2020-10-22 01:58:10.987] [main] [error] Error: Cannot find module '../build/Release/sqlite'
Require stack:
- /usr/share/code-oss/resources/app/node_modules.asar/vscode-sqlite3/lib/sqlite3.js
- /usr/share/code-oss/resources/app/out/bootstrap-amd.js
- /usr/share/code-oss/resources/app/out/main.js
- 
    at Module._resolveFilename (internal/modules/cjs/loader.js:717:15)
    at Function../lib/common/reset-search-paths.ts.Module._resolveFilename (electron/js2c/browser_init.js:7645:16)
    at Module._load (internal/modules/cjs/loader.js:622:27)
    at Module._load (electron/js2c/asar.js:717:26)
    at Function.Module._load (electron/js2c/asar.js:717:26)
    at Module.require (internal/modules/cjs/loader.js:775:19)
    at require (/usr/share/code-oss/resources/app/out/vs/loader.js:694:36)
    at Object.<anonymous> (/usr/share/code-oss/resources/app/node_modules.asar/vscode-sqlite3/lib/sqlite3.js:1:77)
    at Module._compile (/usr/share/code-oss/resources/app/out/vs/loader.js:731:45)
    at Object.Module._extensions..js (internal/modules/cjs/loader.js:892:10)
    at Module.load (internal/modules/cjs/loader.js:735:32)
    at Module._load (internal/modules/cjs/loader.js:648:12)
    at Module._load (electron/js2c/asar.js:717:26)
    at Function.Module._load (electron/js2c/asar.js:717:26)
    at Module.require (internal/modules/cjs/loader.js:775:19)
    at require (internal/modules/cjs/helpers.js:68:18)
    at NodeScriptLoader.load (/usr/share/code-oss/resources/app/out/vs/loader.js:750:39)
    at OnlyOnceScriptLoader.load (/usr/share/code-oss/resources/app/out/vs/loader.js:588:32)
    at loadNextPath (/usr/share/code-oss/resources/app/out/vs/loader.js:1530:41)
    at Object.errorback (/usr/share/code-oss/resources/app/out/vs/loader.js:1538:25)
    at OnlyOnceScriptLoader.triggerErrorback (/usr/share/code-oss/resources/app/out/vs/loader.js:601:36)
    at /usr/share/code-oss/resources/app/out/vs/loader.js:588:151
    at /usr/share/code-oss/resources/app/out/vs/loader.js:767:25
    at step_1 (/usr/share/code-oss/resources/app/out/vs/loader.js:889:25)
    at ReadFileContext.callback (/usr/share/code-oss/resources/app/out/vs/loader.js:897:21)
    at FSReqCallback.readFileAfterOpen [as oncomplete] (fs.js:246:13)
[2020-10-22 01:58:11.748] [main] [error] [uncaught exception in main]: Error: Cannot find module '../build/Release/sqlite'
Require stack:
- /usr/share/code-oss/resources/app/node_modules.asar/vscode-sqlite3/lib/sqlite3.js
- /usr/share/code-oss/resources/app/out/bootstrap-amd.js
- /usr/share/code-oss/resources/app/out/main.js
- 
[2020-10-22 01:58:11.749] [main] [error] Error: Cannot find module '../build/Release/sqlite'
Require stack:
- /usr/share/code-oss/resources/app/node_modules.asar/vscode-sqlite3/lib/sqlite3.js
- /usr/share/code-oss/resources/app/out/bootstrap-amd.js
- /usr/share/code-oss/resources/app/out/main.js
- 
    at Module._resolveFilename (internal/modules/cjs/loader.js:717:15)
    at Function../lib/common/reset-search-paths.ts.Module._resolveFilename (electron/js2c/browser_init.js:7645:16)
    at Module._load (internal/modules/cjs/loader.js:622:27)
    at Module._load (electron/js2c/asar.js:717:26)
    at Function.Module._load (electron/js2c/asar.js:717:26)
    at Module.require (internal/modules/cjs/loader.js:775:19)
    at require (/usr/share/code-oss/resources/app/out/vs/loader.js:694:36)
    at Object.<anonymous> (/usr/share/code-oss/resources/app/node_modules.asar/vscode-sqlite3/lib/sqlite3.js:1:77)
    at Module._compile (/usr/share/code-oss/resources/app/out/vs/loader.js:731:45)
    at Object.Module._extensions..js (internal/modules/cjs/loader.js:892:10)
    at Module.load (internal/modules/cjs/loader.js:735:32)
    at Module._load (internal/modules/cjs/loader.js:648:12)
    at Module._load (electron/js2c/asar.js:717:26)
    at Function.Module._load (electron/js2c/asar.js:717:26)
    at Module.require (internal/modules/cjs/loader.js:775:19)
    at require (internal/modules/cjs/helpers.js:68:18)
    at NodeScriptLoader.load (/usr/share/code-oss/resources/app/out/vs/loader.js:750:39)
    at OnlyOnceScriptLoader.load (/usr/share/code-oss/resources/app/out/vs/loader.js:588:32)
    at loadNextPath (/usr/share/code-oss/resources/app/out/vs/loader.js:1530:41)
    at Object.errorback (/usr/share/code-oss/resources/app/out/vs/loader.js:1538:25)
    at OnlyOnceScriptLoader.triggerErrorback (/usr/share/code-oss/resources/app/out/vs/loader.js:601:36)
    at /usr/share/code-oss/resources/app/out/vs/loader.js:588:151
    at /usr/share/code-oss/resources/app/out/vs/loader.js:767:25
    at step_1 (/usr/share/code-oss/resources/app/out/vs/loader.js:889:25)
    at ReadFileContext.callback (/usr/share/code-oss/resources/app/out/vs/loader.js:897:21)
    at FSReqCallback.readFileAfterOpen [as oncomplete] (fs.js:246:13)
[2020-10-22 01:58:31.331] [main] [error] [uncaught exception in main]: Error: Cannot find module '../build/Release/sqlite'
Require stack:
- /usr/share/code-oss/resources/app/node_modules.asar/vscode-sqlite3/lib/sqlite3.js
- /usr/share/code-oss/resources/app/out/bootstrap-amd.js
- /usr/share/code-oss/resources/app/out/main.js
- 
[2020-10-22 01:58:31.331] [main] [error] Error: Cannot find module '../build/Release/sqlite'
Require stack:
- /usr/share/code-oss/resources/app/node_modules.asar/vscode-sqlite3/lib/sqlite3.js
- /usr/share/code-oss/resources/app/out/bootstrap-amd.js
- /usr/share/code-oss/resources/app/out/main.js
- 
    at Module._resolveFilename (internal/modules/cjs/loader.js:717:15)
    at Function../lib/common/reset-search-paths.ts.Module._resolveFilename (electron/js2c/browser_init.js:7645:16)
    at Module._load (internal/modules/cjs/loader.js:622:27)
    at Module._load (electron/js2c/asar.js:717:26)
    at Function.Module._load (electron/js2c/asar.js:717:26)
    at Module.require (internal/modules/cjs/loader.js:775:19)
    at require (/usr/share/code-oss/resources/app/out/vs/loader.js:694:36)
    at Object.<anonymous> (/usr/share/code-oss/resources/app/node_modules.asar/vscode-sqlite3/lib/sqlite3.js:1:77)
    at Module._compile (/usr/share/code-oss/resources/app/out/vs/loader.js:731:45)
    at Object.Module._extensions..js (internal/modules/cjs/loader.js:892:10)
    at Module.load (internal/modules/cjs/loader.js:735:32)
    at Module._load (internal/modules/cjs/loader.js:648:12)
    at Module._load (electron/js2c/asar.js:717:26)
    at Function.Module._load (electron/js2c/asar.js:717:26)
    at Module.require (internal/modules/cjs/loader.js:775:19)
    at require (internal/modules/cjs/helpers.js:68:18)
    at NodeScriptLoader.load (/usr/share/code-oss/resources/app/out/vs/loader.js:750:39)
    at OnlyOnceScriptLoader.load (/usr/share/code-oss/resources/app/out/vs/loader.js:588:32)
    at loadNextPath (/usr/share/code-oss/resources/app/out/vs/loader.js:1530:41)
    at Object.errorback (/usr/share/code-oss/resources/app/out/vs/loader.js:1538:25)
    at OnlyOnceScriptLoader.triggerErrorback (/usr/share/code-oss/resources/app/out/vs/loader.js:601:36)
    at /usr/share/code-oss/resources/app/out/vs/loader.js:588:151
    at /usr/share/code-oss/resources/app/out/vs/loader.js:767:25
    at step_1 (/usr/share/code-oss/resources/app/out/vs/loader.js:889:25)
    at ReadFileContext.callback (/usr/share/code-oss/resources/app/out/vs/loader.js:897:21)
    at FSReqCallback.readFileAfterOpen [as oncomplete] (fs.js:246:13)
[2020-10-22 01:58:45.717] [main] [error] [uncaught exception in main]: Error: Cannot find module '../build/Release/sqlite'
Require stack:
- /usr/share/code-oss/resources/app/node_modules.asar/vscode-sqlite3/lib/sqlite3.js
- /usr/share/code-oss/resources/app/out/bootstrap-amd.js
- /usr/share/code-oss/resources/app/out/main.js
- 
[2020-10-22 01:58:45.717] [main] [error] Error: Cannot find module '../build/Release/sqlite'
Require stack:
- /usr/share/code-oss/resources/app/node_modules.asar/vscode-sqlite3/lib/sqlite3.js
- /usr/share/code-oss/resources/app/out/bootstrap-amd.js
- /usr/share/code-oss/resources/app/out/main.js
- 
    at Module._resolveFilename (internal/modules/cjs/loader.js:717:15)
    at Function../lib/common/reset-search-paths.ts.Module._resolveFilename (electron/js2c/browser_init.js:7645:16)
    at Module._load (internal/modules/cjs/loader.js:622:27)
    at Module._load (electron/js2c/asar.js:717:26)
    at Function.Module._load (electron/js2c/asar.js:717:26)
    at Module.require (internal/modules/cjs/loader.js:775:19)
    at require (/usr/share/code-oss/resources/app/out/vs/loader.js:694:36)
    at Object.<anonymous> (/usr/share/code-oss/resources/app/node_modules.asar/vscode-sqlite3/lib/sqlite3.js:1:77)
    at Module._compile (/usr/share/code-oss/resources/app/out/vs/loader.js:731:45)
    at Object.Module._extensions..js (internal/modules/cjs/loader.js:892:10)
    at Module.load (internal/modules/cjs/loader.js:735:32)
    at Module._load (internal/modules/cjs/loader.js:648:12)
    at Module._load (electron/js2c/asar.js:717:26)
    at Function.Module._load (electron/js2c/asar.js:717:26)
    at Module.require (internal/modules/cjs/loader.js:775:19)
    at require (internal/modules/cjs/helpers.js:68:18)
    at NodeScriptLoader.load (/usr/share/code-oss/resources/app/out/vs/loader.js:750:39)
    at OnlyOnceScriptLoader.load (/usr/share/code-oss/resources/app/out/vs/loader.js:588:32)
    at loadNextPath (/usr/share/code-oss/resources/app/out/vs/loader.js:1530:41)
    at Object.errorback (/usr/share/code-oss/resources/app/out/vs/loader.js:1538:25)
    at OnlyOnceScriptLoader.triggerErrorback (/usr/share/code-oss/resources/app/out/vs/loader.js:601:36)
    at /usr/share/code-oss/resources/app/out/vs/loader.js:588:151
    at /usr/share/code-oss/resources/app/out/vs/loader.js:767:25
    at step_1 (/usr/share/code-oss/resources/app/out/vs/loader.js:889:25)
    at ReadFileContext.callback (/usr/share/code-oss/resources/app/out/vs/loader.js:897:21)
    at FSReqCallback.readFileAfterOpen [as oncomplete] (fs.js:246:13)
[2020-10-22 01:58:49.017] [main] [error] [uncaught exception in main]: Error: Cannot find module '../build/Release/sqlite'
Require stack:
- /usr/share/code-oss/resources/app/node_modules.asar/vscode-sqlite3/lib/sqlite3.js
- /usr/share/code-oss/resources/app/out/bootstrap-amd.js
- /usr/share/code-oss/resources/app/out/main.js
- 
[2020-10-22 01:58:49.017] [main] [error] Error: Cannot find module '../build/Release/sqlite'
Require stack:
- /usr/share/code-oss/resources/app/node_modules.asar/vscode-sqlite3/lib/sqlite3.js
- /usr/share/code-oss/resources/app/out/bootstrap-amd.js
- /usr/share/code-oss/resources/app/out/main.js
- 
    at Module._resolveFilename (internal/modules/cjs/loader.js:717:15)
    at Function../lib/common/reset-search-paths.ts.Module._resolveFilename (electron/js2c/browser_init.js:7645:16)
    at Module._load (internal/modules/cjs/loader.js:622:27)
    at Module._load (electron/js2c/asar.js:717:26)
    at Function.Module._load (electron/js2c/asar.js:717:26)
    at Module.require (internal/modules/cjs/loader.js:775:19)
    at require (/usr/share/code-oss/resources/app/out/vs/loader.js:694:36)
    at Object.<anonymous> (/usr/share/code-oss/resources/app/node_modules.asar/vscode-sqlite3/lib/sqlite3.js:1:77)
    at Module._compile (/usr/share/code-oss/resources/app/out/vs/loader.js:731:45)
    at Object.Module._extensions..js (internal/modules/cjs/loader.js:892:10)
    at Module.load (internal/modules/cjs/loader.js:735:32)
    at Module._load (internal/modules/cjs/loader.js:648:12)
    at Module._load (electron/js2c/asar.js:717:26)
    at Function.Module._load (electron/js2c/asar.js:717:26)
    at Module.require (internal/modules/cjs/loader.js:775:19)
    at require (internal/modules/cjs/helpers.js:68:18)
    at NodeScriptLoader.load (/usr/share/code-oss/resources/app/out/vs/loader.js:750:39)
    at OnlyOnceScriptLoader.load (/usr/share/code-oss/resources/app/out/vs/loader.js:588:32)
    at loadNextPath (/usr/share/code-oss/resources/app/out/vs/loader.js:1530:41)
    at Object.errorback (/usr/share/code-oss/resources/app/out/vs/loader.js:1538:25)
    at OnlyOnceScriptLoader.triggerErrorback (/usr/share/code-oss/resources/app/out/vs/loader.js:601:36)
    at /usr/share/code-oss/resources/app/out/vs/loader.js:588:151
    at /usr/share/code-oss/resources/app/out/vs/loader.js:767:25
    at step_1 (/usr/share/code-oss/resources/app/out/vs/loader.js:889:25)
    at ReadFileContext.callback (/usr/share/code-oss/resources/app/out/vs/loader.js:897:21)
    at FSReqCallback.readFileAfterOpen [as oncomplete] (fs.js:246:13)
[2020-10-22 01:59:19.457] [main] [error] [uncaught exception in main]: Error: Cannot find module '../build/Release/sqlite'
Require stack:
- /usr/share/code-oss/resources/app/node_modules.asar/vscode-sqlite3/lib/sqlite3.js
- /usr/share/code-oss/resources/app/out/bootstrap-amd.js
- /usr/share/code-oss/resources/app/out/main.js
- 
[2020-10-22 01:59:19.458] [main] [error] Error: Cannot find module '../build/Release/sqlite'
Require stack:
- /usr/share/code-oss/resources/app/node_modules.asar/vscode-sqlite3/lib/sqlite3.js
- /usr/share/code-oss/resources/app/out/bootstrap-amd.js
- /usr/share/code-oss/resources/app/out/main.js
- 
    at Module._resolveFilename (internal/modules/cjs/loader.js:717:15)
    at Function../lib/common/reset-search-paths.ts.Module._resolveFilename (electron/js2c/browser_init.js:7645:16)
    at Module._load (internal/modules/cjs/loader.js:622:27)
    at Module._load (electron/js2c/asar.js:717:26)
    at Function.Module._load (electron/js2c/asar.js:717:26)
    at Module.require (internal/modules/cjs/loader.js:775:19)
    at require (/usr/share/code-oss/resources/app/out/vs/loader.js:694:36)
    at Object.<anonymous> (/usr/share/code-oss/resources/app/node_modules.asar/vscode-sqlite3/lib/sqlite3.js:1:77)
    at Module._compile (/usr/share/code-oss/resources/app/out/vs/loader.js:731:45)
    at Object.Module._extensions..js (internal/modules/cjs/loader.js:892:10)
    at Module.load (internal/modules/cjs/loader.js:735:32)
    at Module._load (internal/modules/cjs/loader.js:648:12)
    at Module._load (electron/js2c/asar.js:717:26)
    at Function.Module._load (electron/js2c/asar.js:717:26)
    at Module.require (internal/modules/cjs/loader.js:775:19)
    at require (internal/modules/cjs/helpers.js:68:18)
    at NodeScriptLoader.load (/usr/share/code-oss/resources/app/out/vs/loader.js:750:39)
    at OnlyOnceScriptLoader.load (/usr/share/code-oss/resources/app/out/vs/loader.js:588:32)
    at loadNextPath (/usr/share/code-oss/resources/app/out/vs/loader.js:1530:41)
    at Object.errorback (/usr/share/code-oss/resources/app/out/vs/loader.js:1538:25)
    at OnlyOnceScriptLoader.triggerErrorback (/usr/share/code-oss/resources/app/out/vs/loader.js:601:36)
    at /usr/share/code-oss/resources/app/out/vs/loader.js:588:151
    at /usr/share/code-oss/resources/app/out/vs/loader.js:767:25
    at step_1 (/usr/share/code-oss/resources/app/out/vs/loader.js:889:25)
    at ReadFileContext.callback (/usr/share/code-oss/resources/app/out/vs/loader.js:897:21)
    at FSReqCallback.readFileAfterOpen [as oncomplete] (fs.js:246:13)
[2020-10-22 01:59:26.860] [main] [error] [uncaught exception in main]: Error: Cannot find module '../build/Release/sqlite'
Require stack:
- /usr/share/code-oss/resources/app/node_modules.asar/vscode-sqlite3/lib/sqlite3.js
- /usr/share/code-oss/resources/app/out/bootstrap-amd.js
- /usr/share/code-oss/resources/app/out/main.js
- 
[2020-10-22 01:59:26.861] [main] [error] Error: Cannot find module '../build/Release/sqlite'
Require stack:
- /usr/share/code-oss/resources/app/node_modules.asar/vscode-sqlite3/lib/sqlite3.js
- /usr/share/code-oss/resources/app/out/bootstrap-amd.js
- /usr/share/code-oss/resources/app/out/main.js
- 
    at Module._resolveFilename (internal/modules/cjs/loader.js:717:15)
    at Function../lib/common/reset-search-paths.ts.Module._resolveFilename (electron/js2c/browser_init.js:7645:16)
    at Module._load (internal/modules/cjs/loader.js:622:27)
    at Module._load (electron/js2c/asar.js:717:26)
    at Function.Module._load (electron/js2c/asar.js:717:26)
    at Module.require (internal/modules/cjs/loader.js:775:19)
    at require (/usr/share/code-oss/resources/app/out/vs/loader.js:694:36)
    at Object.<anonymous> (/usr/share/code-oss/resources/app/node_modules.asar/vscode-sqlite3/lib/sqlite3.js:1:77)
    at Module._compile (/usr/share/code-oss/resources/app/out/vs/loader.js:731:45)
    at Object.Module._extensions..js (internal/modules/cjs/loader.js:892:10)
    at Module.load (internal/modules/cjs/loader.js:735:32)
    at Module._load (internal/modules/cjs/loader.js:648:12)
    at Module._load (electron/js2c/asar.js:717:26)
    at Function.Module._load (electron/js2c/asar.js:717:26)
    at Module.require (internal/modules/cjs/loader.js:775:19)
    at require (internal/modules/cjs/helpers.js:68:18)
    at NodeScriptLoader.load (/usr/share/code-oss/resources/app/out/vs/loader.js:750:39)
    at OnlyOnceScriptLoader.load (/usr/share/code-oss/resources/app/out/vs/loader.js:588:32)
    at loadNextPath (/usr/share/code-oss/resources/app/out/vs/loader.js:1530:41)
    at Object.errorback (/usr/share/code-oss/resources/app/out/vs/loader.js:1538:25)
    at OnlyOnceScriptLoader.triggerErrorback (/usr/share/code-oss/resources/app/out/vs/loader.js:601:36)
    at /usr/share/code-oss/resources/app/out/vs/loader.js:588:151
    at /usr/share/code-oss/resources/app/out/vs/loader.js:767:25
    at step_1 (/usr/share/code-oss/resources/app/out/vs/loader.js:889:25)
    at ReadFileContext.callback (/usr/share/code-oss/resources/app/out/vs/loader.js:897:21)
    at FSReqCallback.readFileAfterOpen [as oncomplete] (fs.js:246:13)
[2020-10-22 01:59:27.463] [main] [error] [uncaught exception in main]: Error: Cannot find module '../build/Release/sqlite'
Require stack:
- /usr/share/code-oss/resources/app/node_modules.asar/vscode-sqlite3/lib/sqlite3.js
- /usr/share/code-oss/resources/app/out/bootstrap-amd.js
- /usr/share/code-oss/resources/app/out/main.js
- 
[2020-10-22 01:59:27.464] [main] [error] Error: Cannot find module '../build/Release/sqlite'
Require stack:
- /usr/share/code-oss/resources/app/node_modules.asar/vscode-sqlite3/lib/sqlite3.js
- /usr/share/code-oss/resources/app/out/bootstrap-amd.js
- /usr/share/code-oss/resources/app/out/main.js
- 
    at Module._resolveFilename (internal/modules/cjs/loader.js:717:15)
    at Function../lib/common/reset-search-paths.ts.Module._resolveFilename (electron/js2c/browser_init.js:7645:16)
    at Module._load (internal/modules/cjs/loader.js:622:27)
    at Module._load (electron/js2c/asar.js:717:26)
    at Function.Module._load (electron/js2c/asar.js:717:26)
    at Module.require (internal/modules/cjs/loader.js:775:19)
    at require (/usr/share/code-oss/resources/app/out/vs/loader.js:694:36)
    at Object.<anonymous> (/usr/share/code-oss/resources/app/node_modules.asar/vscode-sqlite3/lib/sqlite3.js:1:77)
    at Module._compile (/usr/share/code-oss/resources/app/out/vs/loader.js:731:45)
    at Object.Module._extensions..js (internal/modules/cjs/loader.js:892:10)
    at Module.load (internal/modules/cjs/loader.js:735:32)
    at Module._load (internal/modules/cjs/loader.js:648:12)
    at Module._load (electron/js2c/asar.js:717:26)
    at Function.Module._load (electron/js2c/asar.js:717:26)
    at Module.require (internal/modules/cjs/loader.js:775:19)
    at require (internal/modules/cjs/helpers.js:68:18)
    at NodeScriptLoader.load (/usr/share/code-oss/resources/app/out/vs/loader.js:750:39)
    at OnlyOnceScriptLoader.load (/usr/share/code-oss/resources/app/out/vs/loader.js:588:32)
    at loadNextPath (/usr/share/code-oss/resources/app/out/vs/loader.js:1530:41)
    at Object.errorback (/usr/share/code-oss/resources/app/out/vs/loader.js:1538:25)
    at OnlyOnceScriptLoader.triggerErrorback (/usr/share/code-oss/resources/app/out/vs/loader.js:601:36)
    at /usr/share/code-oss/resources/app/out/vs/loader.js:588:151
    at /usr/share/code-oss/resources/app/out/vs/loader.js:767:25
    at step_1 (/usr/share/code-oss/resources/app/out/vs/loader.js:889:25)
    at ReadFileContext.callback (/usr/share/code-oss/resources/app/out/vs/loader.js:897:21)
    at FSReqCallback.readFileAfterOpen [as oncomplete] (fs.js:246:13)
[2020-10-22 02:00:03.042] [main] [error] [uncaught exception in main]: Error: Cannot find module '../build/Release/sqlite'
Require stack:
- /usr/share/code-oss/resources/app/node_modules.asar/vscode-sqlite3/lib/sqlite3.js
- /usr/share/code-oss/resources/app/out/bootstrap-amd.js
- /usr/share/code-oss/resources/app/out/main.js
- 
[2020-10-22 02:00:03.042] [main] [error] Error: Cannot find module '../build/Release/sqlite'
Require stack:
- /usr/share/code-oss/resources/app/node_modules.asar/vscode-sqlite3/lib/sqlite3.js
- /usr/share/code-oss/resources/app/out/bootstrap-amd.js
- /usr/share/code-oss/resources/app/out/main.js
- 
    at Module._resolveFilename (internal/modules/cjs/loader.js:717:15)
    at Function../lib/common/reset-search-paths.ts.Module._resolveFilename (electron/js2c/browser_init.js:7645:16)
    at Module._load (internal/modules/cjs/loader.js:622:27)
    at Module._load (electron/js2c/asar.js:717:26)
    at Function.Module._load (electron/js2c/asar.js:717:26)
    at Module.require (internal/modules/cjs/loader.js:775:19)
    at require (/usr/share/code-oss/resources/app/out/vs/loader.js:694:36)
    at Object.<anonymous> (/usr/share/code-oss/resources/app/node_modules.asar/vscode-sqlite3/lib/sqlite3.js:1:77)
    at Module._compile (/usr/share/code-oss/resources/app/out/vs/loader.js:731:45)
    at Object.Module._extensions..js (internal/modules/cjs/loader.js:892:10)
    at Module.load (internal/modules/cjs/loader.js:735:32)
    at Module._load (internal/modules/cjs/loader.js:648:12)
    at Module._load (electron/js2c/asar.js:717:26)
    at Function.Module._load (electron/js2c/asar.js:717:26)
    at Module.require (internal/modules/cjs/loader.js:775:19)
    at require (internal/modules/cjs/helpers.js:68:18)
    at NodeScriptLoader.load (/usr/share/code-oss/resources/app/out/vs/loader.js:750:39)
    at OnlyOnceScriptLoader.load (/usr/share/code-oss/resources/app/out/vs/loader.js:588:32)
    at loadNextPath (/usr/share/code-oss/resources/app/out/vs/loader.js:1530:41)
    at Object.errorback (/usr/share/code-oss/resources/app/out/vs/loader.js:1538:25)
    at OnlyOnceScriptLoader.triggerErrorback (/usr/share/code-oss/resources/app/out/vs/loader.js:601:36)
    at /usr/share/code-oss/resources/app/out/vs/loader.js:588:151
    at /usr/share/code-oss/resources/app/out/vs/loader.js:767:25
    at step_1 (/usr/share/code-oss/resources/app/out/vs/loader.js:889:25)
    at ReadFileContext.callback (/usr/share/code-oss/resources/app/out/vs/loader.js:897:21)
    at FSReqCallback.readFileAfterOpen [as oncomplete] (fs.js:246:13)
[2020-10-22 02:00:06.481] [main] [error] [uncaught exception in main]: Error: Cannot find module '../build/Release/sqlite'
Require stack:
- /usr/share/code-oss/resources/app/node_modules.asar/vscode-sqlite3/lib/sqlite3.js
- /usr/share/code-oss/resources/app/out/bootstrap-amd.js
- /usr/share/code-oss/resources/app/out/main.js
- 
[2020-10-22 02:00:06.481] [main] [error] Error: Cannot find module '../build/Release/sqlite'
Require stack:
- /usr/share/code-oss/resources/app/node_modules.asar/vscode-sqlite3/lib/sqlite3.js
- /usr/share/code-oss/resources/app/out/bootstrap-amd.js
- /usr/share/code-oss/resources/app/out/main.js
- 
    at Module._resolveFilename (internal/modules/cjs/loader.js:717:15)
    at Function../lib/common/reset-search-paths.ts.Module._resolveFilename (electron/js2c/browser_init.js:7645:16)
    at Module._load (internal/modules/cjs/loader.js:622:27)
    at Module._load (electron/js2c/asar.js:717:26)
    at Function.Module._load (electron/js2c/asar.js:717:26)
    at Module.require (internal/modules/cjs/loader.js:775:19)
    at require (/usr/share/code-oss/resources/app/out/vs/loader.js:694:36)
    at Object.<anonymous> (/usr/share/code-oss/resources/app/node_modules.asar/vscode-sqlite3/lib/sqlite3.js:1:77)
    at Module._compile (/usr/share/code-oss/resources/app/out/vs/loader.js:731:45)
    at Object.Module._extensions..js (internal/modules/cjs/loader.js:892:10)
    at Module.load (internal/modules/cjs/loader.js:735:32)
    at Module._load (internal/modules/cjs/loader.js:648:12)
    at Module._load (electron/js2c/asar.js:717:26)
    at Function.Module._load (electron/js2c/asar.js:717:26)
    at Module.require (internal/modules/cjs/loader.js:775:19)
    at require (internal/modules/cjs/helpers.js:68:18)
    at NodeScriptLoader.load (/usr/share/code-oss/resources/app/out/vs/loader.js:750:39)
    at OnlyOnceScriptLoader.load (/usr/share/code-oss/resources/app/out/vs/loader.js:588:32)
    at loadNextPath (/usr/share/code-oss/resources/app/out/vs/loader.js:1530:41)
    at Object.errorback (/usr/share/code-oss/resources/app/out/vs/loader.js:1538:25)
    at OnlyOnceScriptLoader.triggerErrorback (/usr/share/code-oss/resources/app/out/vs/loader.js:601:36)
    at /usr/share/code-oss/resources/app/out/vs/loader.js:588:151
    at /usr/share/code-oss/resources/app/out/vs/loader.js:767:25
    at step_1 (/usr/share/code-oss/resources/app/out/vs/loader.js:889:25)
    at ReadFileContext.callback (/usr/share/code-oss/resources/app/out/vs/loader.js:897:21)
    at FSReqCallback.readFileAfterOpen [as oncomplete] (fs.js:246:13)
[2020-10-22 02:00:07.362] [main] [error] [uncaught exception in main]: Error: Cannot find module '../build/Release/sqlite'
Require stack:
- /usr/share/code-oss/resources/app/node_modules.asar/vscode-sqlite3/lib/sqlite3.js
- /usr/share/code-oss/resources/app/out/bootstrap-amd.js
- /usr/share/code-oss/resources/app/out/main.js
- 
[2020-10-22 02:00:07.374] [main] [error] Error: Cannot find module '../build/Release/sqlite'
Require stack:
- /usr/share/code-oss/resources/app/node_modules.asar/vscode-sqlite3/lib/sqlite3.js
- /usr/share/code-oss/resources/app/out/bootstrap-amd.js
- /usr/share/code-oss/resources/app/out/main.js
- 
    at Module._resolveFilename (internal/modules/cjs/loader.js:717:15)
    at Function../lib/common/reset-search-paths.ts.Module._resolveFilename (electron/js2c/browser_init.js:7645:16)
    at Module._load (internal/modules/cjs/loader.js:622:27)
    at Module._load (electron/js2c/asar.js:717:26)
    at Function.Module._load (electron/js2c/asar.js:717:26)
    at Module.require (internal/modules/cjs/loader.js:775:19)
    at require (/usr/share/code-oss/resources/app/out/vs/loader.js:694:36)
    at Object.<anonymous> (/usr/share/code-oss/resources/app/node_modules.asar/vscode-sqlite3/lib/sqlite3.js:1:77)
    at Module._compile (/usr/share/code-oss/resources/app/out/vs/loader.js:731:45)
    at Object.Module._extensions..js (internal/modules/cjs/loader.js:892:10)
    at Module.load (internal/modules/cjs/loader.js:735:32)
    at Module._load (internal/modules/cjs/loader.js:648:12)
    at Module._load (electron/js2c/asar.js:717:26)
    at Function.Module._load (electron/js2c/asar.js:717:26)
    at Module.require (internal/modules/cjs/loader.js:775:19)
    at require (internal/modules/cjs/helpers.js:68:18)
    at NodeScriptLoader.load (/usr/share/code-oss/resources/app/out/vs/loader.js:750:39)
    at OnlyOnceScriptLoader.load (/usr/share/code-oss/resources/app/out/vs/loader.js:588:32)
    at loadNextPath (/usr/share/code-oss/resources/app/out/vs/loader.js:1530:41)
    at Object.errorback (/usr/share/code-oss/resources/app/out/vs/loader.js:1538:25)
    at OnlyOnceScriptLoader.triggerErrorback (/usr/share/code-oss/resources/app/out/vs/loader.js:601:36)
    at /usr/share/code-oss/resources/app/out/vs/loader.js:588:151
    at /usr/share/code-oss/resources/app/out/vs/loader.js:767:25
    at step_1 (/usr/share/code-oss/resources/app/out/vs/loader.js:889:25)
    at ReadFileContext.callback (/usr/share/code-oss/resources/app/out/vs/loader.js:897:21)
    at FSReqCallback.readFileAfterOpen [as oncomplete] (fs.js:246:13)
[2020-10-22 02:00:07.642] [main] [error] [uncaught exception in main]: Error: Cannot find module '../build/Release/sqlite'
Require stack:
- /usr/share/code-oss/resources/app/node_modules.asar/vscode-sqlite3/lib/sqlite3.js
- /usr/share/code-oss/resources/app/out/bootstrap-amd.js
- /usr/share/code-oss/resources/app/out/main.js
- 
[2020-10-22 02:00:07.643] [main] [error] Error: Cannot find module '../build/Release/sqlite'
Require stack:
- /usr/share/code-oss/resources/app/node_modules.asar/vscode-sqlite3/lib/sqlite3.js
- /usr/share/code-oss/resources/app/out/bootstrap-amd.js
- /usr/share/code-oss/resources/app/out/main.js
- 
    at Module._resolveFilename (internal/modules/cjs/loader.js:717:15)
    at Function../lib/common/reset-search-paths.ts.Module._resolveFilename (electron/js2c/browser_init.js:7645:16)
    at Module._load (internal/modules/cjs/loader.js:622:27)
    at Module._load (electron/js2c/asar.js:717:26)
    at Function.Module._load (electron/js2c/asar.js:717:26)
    at Module.require (internal/modules/cjs/loader.js:775:19)
    at require (/usr/share/code-oss/resources/app/out/vs/loader.js:694:36)
    at Object.<anonymous> (/usr/share/code-oss/resources/app/node_modules.asar/vscode-sqlite3/lib/sqlite3.js:1:77)
    at Module._compile (/usr/share/code-oss/resources/app/out/vs/loader.js:731:45)
    at Object.Module._extensions..js (internal/modules/cjs/loader.js:892:10)
    at Module.load (internal/modules/cjs/loader.js:735:32)
    at Module._load (internal/modules/cjs/loader.js:648:12)
    at Module._load (electron/js2c/asar.js:717:26)
    at Function.Module._load (electron/js2c/asar.js:717:26)
    at Module.require (internal/modules/cjs/loader.js:775:19)
    at require (internal/modules/cjs/helpers.js:68:18)
    at NodeScriptLoader.load (/usr/share/code-oss/resources/app/out/vs/loader.js:750:39)
    at OnlyOnceScriptLoader.load (/usr/share/code-oss/resources/app/out/vs/loader.js:588:32)
    at loadNextPath (/usr/share/code-oss/resources/app/out/vs/loader.js:1530:41)
    at Object.errorback (/usr/share/code-oss/resources/app/out/vs/loader.js:1538:25)
    at OnlyOnceScriptLoader.triggerErrorback (/usr/share/code-oss/resources/app/out/vs/loader.js:601:36)
    at /usr/share/code-oss/resources/app/out/vs/loader.js:588:151
    at /usr/share/code-oss/resources/app/out/vs/loader.js:767:25
    at step_1 (/usr/share/code-oss/resources/app/out/vs/loader.js:889:25)
    at ReadFileContext.callback (/usr/share/code-oss/resources/app/out/vs/loader.js:897:21)
    at FSReqCallback.readFileAfterOpen [as oncomplete] (fs.js:246:13)
[2020-10-22 02:00:07.927] [main] [error] [uncaught exception in main]: Error: Cannot find module '../build/Release/sqlite'
Require stack:
- /usr/share/code-oss/resources/app/node_modules.asar/vscode-sqlite3/lib/sqlite3.js
- /usr/share/code-oss/resources/app/out/bootstrap-amd.js
- /usr/share/code-oss/resources/app/out/main.js
- 
[2020-10-22 02:00:07.931] [main] [error] Error: Cannot find module '../build/Release/sqlite'
Require stack:
- /usr/share/code-oss/resources/app/node_modules.asar/vscode-sqlite3/lib/sqlite3.js
- /usr/share/code-oss/resources/app/out/bootstrap-amd.js
- /usr/share/code-oss/resources/app/out/main.js
- 
    at Module._resolveFilename (internal/modules/cjs/loader.js:717:15)
    at Function../lib/common/reset-search-paths.ts.Module._resolveFilename (electron/js2c/browser_init.js:7645:16)
    at Module._load (internal/modules/cjs/loader.js:622:27)
    at Module._load (electron/js2c/asar.js:717:26)
    at Function.Module._load (electron/js2c/asar.js:717:26)
    at Module.require (internal/modules/cjs/loader.js:775:19)
    at require (/usr/share/code-oss/resources/app/out/vs/loader.js:694:36)
    at Object.<anonymous> (/usr/share/code-oss/resources/app/node_modules.asar/vscode-sqlite3/lib/sqlite3.js:1:77)
    at Module._compile (/usr/share/code-oss/resources/app/out/vs/loader.js:731:45)
    at Object.Module._extensions..js (internal/modules/cjs/loader.js:892:10)
    at Module.load (internal/modules/cjs/loader.js:735:32)
    at Module._load (internal/modules/cjs/loader.js:648:12)
    at Module._load (electron/js2c/asar.js:717:26)
    at Function.Module._load (electron/js2c/asar.js:717:26)
    at Module.require (internal/modules/cjs/loader.js:775:19)
    at require (internal/modules/cjs/helpers.js:68:18)
    at NodeScriptLoader.load (/usr/share/code-oss/resources/app/out/vs/loader.js:750:39)
    at OnlyOnceScriptLoader.load (/usr/share/code-oss/resources/app/out/vs/loader.js:588:32)
    at loadNextPath (/usr/share/code-oss/resources/app/out/vs/loader.js:1530:41)
    at Object.errorback (/usr/share/code-oss/resources/app/out/vs/loader.js:1538:25)
    at OnlyOnceScriptLoader.triggerErrorback (/usr/share/code-oss/resources/app/out/vs/loader.js:601:36)
    at /usr/share/code-oss/resources/app/out/vs/loader.js:588:151
    at /usr/share/code-oss/resources/app/out/vs/loader.js:767:25
    at step_1 (/usr/share/code-oss/resources/app/out/vs/loader.js:889:25)
    at ReadFileContext.callback (/usr/share/code-oss/resources/app/out/vs/loader.js:897:21)
    at FSReqCallback.readFileAfterOpen [as oncomplete] (fs.js:246:13)
[2020-10-22 02:00:08.163] [main] [error] [uncaught exception in main]: Error: Cannot find module '../build/Release/sqlite'
Require stack:
- /usr/share/code-oss/resources/app/node_modules.asar/vscode-sqlite3/lib/sqlite3.js
- /usr/share/code-oss/resources/app/out/bootstrap-amd.js
- /usr/share/code-oss/resources/app/out/main.js
- 
[2020-10-22 02:00:08.164] [main] [error] Error: Cannot find module '../build/Release/sqlite'
Require stack:
- /usr/share/code-oss/resources/app/node_modules.asar/vscode-sqlite3/lib/sqlite3.js
- /usr/share/code-oss/resources/app/out/bootstrap-amd.js
- /usr/share/code-oss/resources/app/out/main.js
- 
    at Module._resolveFilename (internal/modules/cjs/loader.js:717:15)
    at Function../lib/common/reset-search-paths.ts.Module._resolveFilename (electron/js2c/browser_init.js:7645:16)
    at Module._load (internal/modules/cjs/loader.js:622:27)
    at Module._load (electron/js2c/asar.js:717:26)
    at Function.Module._load (electron/js2c/asar.js:717:26)
    at Module.require (internal/modules/cjs/loader.js:775:19)
    at require (/usr/share/code-oss/resources/app/out/vs/loader.js:694:36)
    at Object.<anonymous> (/usr/share/code-oss/resources/app/node_modules.asar/vscode-sqlite3/lib/sqlite3.js:1:77)
    at Module._compile (/usr/share/code-oss/resources/app/out/vs/loader.js:731:45)
    at Object.Module._extensions..js (internal/modules/cjs/loader.js:892:10)
    at Module.load (internal/modules/cjs/loader.js:735:32)
    at Module._load (internal/modules/cjs/loader.js:648:12)
    at Module._load (electron/js2c/asar.js:717:26)
    at Function.Module._load (electron/js2c/asar.js:717:26)
    at Module.require (internal/modules/cjs/loader.js:775:19)
    at require (internal/modules/cjs/helpers.js:68:18)
    at NodeScriptLoader.load (/usr/share/code-oss/resources/app/out/vs/loader.js:750:39)
    at OnlyOnceScriptLoader.load (/usr/share/code-oss/resources/app/out/vs/loader.js:588:32)
    at loadNextPath (/usr/share/code-oss/resources/app/out/vs/loader.js:1530:41)
    at Object.errorback (/usr/share/code-oss/resources/app/out/vs/loader.js:1538:25)
    at OnlyOnceScriptLoader.triggerErrorback (/usr/share/code-oss/resources/app/out/vs/loader.js:601:36)
    at /usr/share/code-oss/resources/app/out/vs/loader.js:588:151
    at /usr/share/code-oss/resources/app/out/vs/loader.js:767:25
    at step_1 (/usr/share/code-oss/resources/app/out/vs/loader.js:889:25)
    at ReadFileContext.callback (/usr/share/code-oss/resources/app/out/vs/loader.js:897:21)
    at FSReqCallback.readFileAfterOpen [as oncomplete] (fs.js:246:13)
[2020-10-22 02:00:08.791] [main] [error] [uncaught exception in main]: Error: Cannot find module '../build/Release/sqlite'
Require stack:
- /usr/share/code-oss/resources/app/node_modules.asar/vscode-sqlite3/lib/sqlite3.js
- /usr/share/code-oss/resources/app/out/bootstrap-amd.js
- /usr/share/code-oss/resources/app/out/main.js
- 
[2020-10-22 02:00:08.791] [main] [error] Error: Cannot find module '../build/Release/sqlite'
Require stack:
- /usr/share/code-oss/resources/app/node_modules.asar/vscode-sqlite3/lib/sqlite3.js
- /usr/share/code-oss/resources/app/out/bootstrap-amd.js
- /usr/share/code-oss/resources/app/out/main.js
- 
    at Module._resolveFilename (internal/modules/cjs/loader.js:717:15)
    at Function../lib/common/reset-search-paths.ts.Module._resolveFilename (electron/js2c/browser_init.js:7645:16)
    at Module._load (internal/modules/cjs/loader.js:622:27)
    at Module._load (electron/js2c/asar.js:717:26)
    at Function.Module._load (electron/js2c/asar.js:717:26)
    at Module.require (internal/modules/cjs/loader.js:775:19)
    at require (/usr/share/code-oss/resources/app/out/vs/loader.js:694:36)
    at Object.<anonymous> (/usr/share/code-oss/resources/app/node_modules.asar/vscode-sqlite3/lib/sqlite3.js:1:77)
    at Module._compile (/usr/share/code-oss/resources/app/out/vs/loader.js:731:45)
    at Object.Module._extensions..js (internal/modules/cjs/loader.js:892:10)
    at Module.load (internal/modules/cjs/loader.js:735:32)
    at Module._load (internal/modules/cjs/loader.js:648:12)
    at Module._load (electron/js2c/asar.js:717:26)
    at Function.Module._load (electron/js2c/asar.js:717:26)
    at Module.require (internal/modules/cjs/loader.js:775:19)
    at require (internal/modules/cjs/helpers.js:68:18)
    at NodeScriptLoader.load (/usr/share/code-oss/resources/app/out/vs/loader.js:750:39)
    at OnlyOnceScriptLoader.load (/usr/share/code-oss/resources/app/out/vs/loader.js:588:32)
    at loadNextPath (/usr/share/code-oss/resources/app/out/vs/loader.js:1530:41)
    at Object.errorback (/usr/share/code-oss/resources/app/out/vs/loader.js:1538:25)
    at OnlyOnceScriptLoader.triggerErrorback (/usr/share/code-oss/resources/app/out/vs/loader.js:601:36)
    at /usr/share/code-oss/resources/app/out/vs/loader.js:588:151
    at /usr/share/code-oss/resources/app/out/vs/loader.js:767:25
    at step_1 (/usr/share/code-oss/resources/app/out/vs/loader.js:889:25)
    at ReadFileContext.callback (/usr/share/code-oss/resources/app/out/vs/loader.js:897:21)
    at FSReqCallback.readFileAfterOpen [as oncomplete] (fs.js:246:13)
[2020-10-22 02:00:09.737] [main] [error] [uncaught exception in main]: Error: Cannot find module '../build/Release/sqlite'
Require stack:
- /usr/share/code-oss/resources/app/node_modules.asar/vscode-sqlite3/lib/sqlite3.js
- /usr/share/code-oss/resources/app/out/bootstrap-amd.js
- /usr/share/code-oss/resources/app/out/main.js
- 
[2020-10-22 02:00:09.740] [main] [error] Error: Cannot find module '../build/Release/sqlite'
Require stack:
- /usr/share/code-oss/resources/app/node_modules.asar/vscode-sqlite3/lib/sqlite3.js
- /usr/share/code-oss/resources/app/out/bootstrap-amd.js
- /usr/share/code-oss/resources/app/out/main.js
- 
    at Module._resolveFilename (internal/modules/cjs/loader.js:717:15)
    at Function../lib/common/reset-search-paths.ts.Module._resolveFilename (electron/js2c/browser_init.js:7645:16)
    at Module._load (internal/modules/cjs/loader.js:622:27)
    at Module._load (electron/js2c/asar.js:717:26)
    at Function.Module._load (electron/js2c/asar.js:717:26)
    at Module.require (internal/modules/cjs/loader.js:775:19)
    at require (/usr/share/code-oss/resources/app/out/vs/loader.js:694:36)
    at Object.<anonymous> (/usr/share/code-oss/resources/app/node_modules.asar/vscode-sqlite3/lib/sqlite3.js:1:77)
    at Module._compile (/usr/share/code-oss/resources/app/out/vs/loader.js:731:45)
    at Object.Module._extensions..js (internal/modules/cjs/loader.js:892:10)
    at Module.load (internal/modules/cjs/loader.js:735:32)
    at Module._load (internal/modules/cjs/loader.js:648:12)
    at Module._load (electron/js2c/asar.js:717:26)
    at Function.Module._load (electron/js2c/asar.js:717:26)
    at Module.require (internal/modules/cjs/loader.js:775:19)
    at require (internal/modules/cjs/helpers.js:68:18)
    at NodeScriptLoader.load (/usr/share/code-oss/resources/app/out/vs/loader.js:750:39)
    at OnlyOnceScriptLoader.load (/usr/share/code-oss/resources/app/out/vs/loader.js:588:32)
    at loadNextPath (/usr/share/code-oss/resources/app/out/vs/loader.js:1530:41)
    at Object.errorback (/usr/share/code-oss/resources/app/out/vs/loader.js:1538:25)
    at OnlyOnceScriptLoader.triggerErrorback (/usr/share/code-oss/resources/app/out/vs/loader.js:601:36)
    at /usr/share/code-oss/resources/app/out/vs/loader.js:588:151
    at /usr/share/code-oss/resources/app/out/vs/loader.js:767:25
    at step_1 (/usr/share/code-oss/resources/app/out/vs/loader.js:889:25)
    at ReadFileContext.callback (/usr/share/code-oss/resources/app/out/vs/loader.js:897:21)
    at FSReqCallback.readFileAfterOpen [as oncomplete] (fs.js:246:13)
[2020-10-22 02:00:10.147] [main] [error] [uncaught exception in main]: Error: Cannot find module '../build/Release/sqlite'
Require stack:
- /usr/share/code-oss/resources/app/node_modules.asar/vscode-sqlite3/lib/sqlite3.js
- /usr/share/code-oss/resources/app/out/bootstrap-amd.js
- /usr/share/code-oss/resources/app/out/main.js
- 
[2020-10-22 02:00:10.157] [main] [error] Error: Cannot find module '../build/Release/sqlite'
Require stack:
- /usr/share/code-oss/resources/app/node_modules.asar/vscode-sqlite3/lib/sqlite3.js
- /usr/share/code-oss/resources/app/out/bootstrap-amd.js
- /usr/share/code-oss/resources/app/out/main.js
- 
    at Module._resolveFilename (internal/modules/cjs/loader.js:717:15)
    at Function../lib/common/reset-search-paths.ts.Module._resolveFilename (electron/js2c/browser_init.js:7645:16)
    at Module._load (internal/modules/cjs/loader.js:622:27)
    at Module._load (electron/js2c/asar.js:717:26)
    at Function.Module._load (electron/js2c/asar.js:717:26)
    at Module.require (internal/modules/cjs/loader.js:775:19)
    at require (/usr/share/code-oss/resources/app/out/vs/loader.js:694:36)
    at Object.<anonymous> (/usr/share/code-oss/resources/app/node_modules.asar/vscode-sqlite3/lib/sqlite3.js:1:77)
    at Module._compile (/usr/share/code-oss/resources/app/out/vs/loader.js:731:45)
    at Object.Module._extensions..js (internal/modules/cjs/loader.js:892:10)
    at Module.load (internal/modules/cjs/loader.js:735:32)
    at Module._load (internal/modules/cjs/loader.js:648:12)
    at Module._load (electron/js2c/asar.js:717:26)
    at Function.Module._load (electron/js2c/asar.js:717:26)
    at Module.require (internal/modules/cjs/loader.js:775:19)
    at require (internal/modules/cjs/helpers.js:68:18)
    at NodeScriptLoader.load (/usr/share/code-oss/resources/app/out/vs/loader.js:750:39)
    at OnlyOnceScriptLoader.load (/usr/share/code-oss/resources/app/out/vs/loader.js:588:32)
    at loadNextPath (/usr/share/code-oss/resources/app/out/vs/loader.js:1530:41)
    at Object.errorback (/usr/share/code-oss/resources/app/out/vs/loader.js:1538:25)
    at OnlyOnceScriptLoader.triggerErrorback (/usr/share/code-oss/resources/app/out/vs/loader.js:601:36)
    at /usr/share/code-oss/resources/app/out/vs/loader.js:588:151
    at /usr/share/code-oss/resources/app/out/vs/loader.js:767:25
    at step_1 (/usr/share/code-oss/resources/app/out/vs/loader.js:889:25)
    at ReadFileContext.callback (/usr/share/code-oss/resources/app/out/vs/loader.js:897:21)
    at FSReqCallback.readFileAfterOpen [as oncomplete] (fs.js:246:13)
[2020-10-22 02:00:13.399] [main] [error] [uncaught exception in main]: Error: Cannot find module '../build/Release/sqlite'
Require stack:
- /usr/share/code-oss/resources/app/node_modules.asar/vscode-sqlite3/lib/sqlite3.js
- /usr/share/code-oss/resources/app/out/bootstrap-amd.js
- /usr/share/code-oss/resources/app/out/main.js
- 
[2020-10-22 02:00:13.400] [main] [error] Error: Cannot find module '../build/Release/sqlite'
Require stack:
- /usr/share/code-oss/resources/app/node_modules.asar/vscode-sqlite3/lib/sqlite3.js
- /usr/share/code-oss/resources/app/out/bootstrap-amd.js
- /usr/share/code-oss/resources/app/out/main.js
- 
    at Module._resolveFilename (internal/modules/cjs/loader.js:717:15)
    at Function../lib/common/reset-search-paths.ts.Module._resolveFilename (electron/js2c/browser_init.js:7645:16)
    at Module._load (internal/modules/cjs/loader.js:622:27)
    at Module._load (electron/js2c/asar.js:717:26)
    at Function.Module._load (electron/js2c/asar.js:717:26)
    at Module.require (internal/modules/cjs/loader.js:775:19)
    at require (/usr/share/code-oss/resources/app/out/vs/loader.js:694:36)
    at Object.<anonymous> (/usr/share/code-oss/resources/app/node_modules.asar/vscode-sqlite3/lib/sqlite3.js:1:77)
    at Module._compile (/usr/share/code-oss/resources/app/out/vs/loader.js:731:45)
    at Object.Module._extensions..js (internal/modules/cjs/loader.js:892:10)
    at Module.load (internal/modules/cjs/loader.js:735:32)
    at Module._load (internal/modules/cjs/loader.js:648:12)
    at Module._load (electron/js2c/asar.js:717:26)
    at Function.Module._load (electron/js2c/asar.js:717:26)
    at Module.require (internal/modules/cjs/loader.js:775:19)
    at require (internal/modules/cjs/helpers.js:68:18)
    at NodeScriptLoader.load (/usr/share/code-oss/resources/app/out/vs/loader.js:750:39)
    at OnlyOnceScriptLoader.load (/usr/share/code-oss/resources/app/out/vs/loader.js:588:32)
    at loadNextPath (/usr/share/code-oss/resources/app/out/vs/loader.js:1530:41)
    at Object.errorback (/usr/share/code-oss/resources/app/out/vs/loader.js:1538:25)
    at OnlyOnceScriptLoader.triggerErrorback (/usr/share/code-oss/resources/app/out/vs/loader.js:601:36)
    at /usr/share/code-oss/resources/app/out/vs/loader.js:588:151
    at /usr/share/code-oss/resources/app/out/vs/loader.js:767:25
    at step_1 (/usr/share/code-oss/resources/app/out/vs/loader.js:889:25)
    at ReadFileContext.callback (/usr/share/code-oss/resources/app/out/vs/loader.js:897:21)
    at FSReqCallback.readFileAfterOpen [as oncomplete] (fs.js:246:13)
[2020-10-22 02:00:56.917] [main] [error] [uncaught exception in main]: Error: Cannot find module '../build/Release/sqlite'
Require stack:
- /usr/share/code-oss/resources/app/node_modules.asar/vscode-sqlite3/lib/sqlite3.js
- /usr/share/code-oss/resources/app/out/bootstrap-amd.js
- /usr/share/code-oss/resources/app/out/main.js
- 
[2020-10-22 02:00:56.918] [main] [error] Error: Cannot find module '../build/Release/sqlite'
Require stack:
- /usr/share/code-oss/resources/app/node_modules.asar/vscode-sqlite3/lib/sqlite3.js
- /usr/share/code-oss/resources/app/out/bootstrap-amd.js
- /usr/share/code-oss/resources/app/out/main.js
- 
    at Module._resolveFilename (internal/modules/cjs/loader.js:717:15)
    at Function../lib/common/reset-search-paths.ts.Module._resolveFilename (electron/js2c/browser_init.js:7645:16)
    at Module._load (internal/modules/cjs/loader.js:622:27)
    at Module._load (electron/js2c/asar.js:717:26)
    at Function.Module._load (electron/js2c/asar.js:717:26)
    at Module.require (internal/modules/cjs/loader.js:775:19)
    at require (/usr/share/code-oss/resources/app/out/vs/loader.js:694:36)
    at Object.<anonymous> (/usr/share/code-oss/resources/app/node_modules.asar/vscode-sqlite3/lib/sqlite3.js:1:77)
    at Module._compile (/usr/share/code-oss/resources/app/out/vs/loader.js:731:45)
    at Object.Module._extensions..js (internal/modules/cjs/loader.js:892:10)
    at Module.load (internal/modules/cjs/loader.js:735:32)
    at Module._load (internal/modules/cjs/loader.js:648:12)
    at Module._load (electron/js2c/asar.js:717:26)
    at Function.Module._load (electron/js2c/asar.js:717:26)
    at Module.require (internal/modules/cjs/loader.js:775:19)
    at require (internal/modules/cjs/helpers.js:68:18)
    at NodeScriptLoader.load (/usr/share/code-oss/resources/app/out/vs/loader.js:750:39)
    at OnlyOnceScriptLoader.load (/usr/share/code-oss/resources/app/out/vs/loader.js:588:32)
    at loadNextPath (/usr/share/code-oss/resources/app/out/vs/loader.js:1530:41)
    at Object.errorback (/usr/share/code-oss/resources/app/out/vs/loader.js:1538:25)
    at OnlyOnceScriptLoader.triggerErrorback (/usr/share/code-oss/resources/app/out/vs/loader.js:601:36)
    at /usr/share/code-oss/resources/app/out/vs/loader.js:588:151
    at /usr/share/code-oss/resources/app/out/vs/loader.js:767:25
    at step_1 (/usr/share/code-oss/resources/app/out/vs/loader.js:889:25)
    at ReadFileContext.callback (/usr/share/code-oss/resources/app/out/vs/loader.js:897:21)
    at FSReqCallback.readFileAfterOpen [as oncomplete] (fs.js:246:13)
[2020-10-22 02:01:48.347] [main] [error] [uncaught exception in main]: Error: Cannot find module '../build/Release/sqlite'
Require stack:
- /usr/share/code-oss/resources/app/node_modules.asar/vscode-sqlite3/lib/sqlite3.js
- /usr/share/code-oss/resources/app/out/bootstrap-amd.js
- /usr/share/code-oss/resources/app/out/main.js
- 
[2020-10-22 02:01:48.347] [main] [error] Error: Cannot find module '../build/Release/sqlite'
Require stack:
- /usr/share/code-oss/resources/app/node_modules.asar/vscode-sqlite3/lib/sqlite3.js
- /usr/share/code-oss/resources/app/out/bootstrap-amd.js
- /usr/share/code-oss/resources/app/out/main.js
- 
    at Module._resolveFilename (internal/modules/cjs/loader.js:717:15)
    at Function../lib/common/reset-search-paths.ts.Module._resolveFilename (electron/js2c/browser_init.js:7645:16)
    at Module._load (internal/modules/cjs/loader.js:622:27)
    at Module._load (electron/js2c/asar.js:717:26)
    at Function.Module._load (electron/js2c/asar.js:717:26)
    at Module.require (internal/modules/cjs/loader.js:775:19)
    at require (/usr/share/code-oss/resources/app/out/vs/loader.js:694:36)
    at Object.<anonymous> (/usr/share/code-oss/resources/app/node_modules.asar/vscode-sqlite3/lib/sqlite3.js:1:77)
    at Module._compile (/usr/share/code-oss/resources/app/out/vs/loader.js:731:45)
    at Object.Module._extensions..js (internal/modules/cjs/loader.js:892:10)
    at Module.load (internal/modules/cjs/loader.js:735:32)
    at Module._load (internal/modules/cjs/loader.js:648:12)
    at Module._load (electron/js2c/asar.js:717:26)
    at Function.Module._load (electron/js2c/asar.js:717:26)
    at Module.require (internal/modules/cjs/loader.js:775:19)
    at require (internal/modules/cjs/helpers.js:68:18)
    at NodeScriptLoader.load (/usr/share/code-oss/resources/app/out/vs/loader.js:750:39)
    at OnlyOnceScriptLoader.load (/usr/share/code-oss/resources/app/out/vs/loader.js:588:32)
    at loadNextPath (/usr/share/code-oss/resources/app/out/vs/loader.js:1530:41)
    at Object.errorback (/usr/share/code-oss/resources/app/out/vs/loader.js:1538:25)
    at OnlyOnceScriptLoader.triggerErrorback (/usr/share/code-oss/resources/app/out/vs/loader.js:601:36)
    at /usr/share/code-oss/resources/app/out/vs/loader.js:588:151
    at /usr/share/code-oss/resources/app/out/vs/loader.js:767:25
    at step_1 (/usr/share/code-oss/resources/app/out/vs/loader.js:889:25)
    at ReadFileContext.callback (/usr/share/code-oss/resources/app/out/vs/loader.js:897:21)
    at FSReqCallback.readFileAfterOpen [as oncomplete] (fs.js:246:13)
[2020-10-22 02:19:53.912] [main] [error] [uncaught exception in main]: Error: Cannot find module '../build/Release/sqlite'
Require stack:
- /usr/share/code-oss/resources/app/node_modules.asar/vscode-sqlite3/lib/sqlite3.js
- /usr/share/code-oss/resources/app/out/bootstrap-amd.js
- /usr/share/code-oss/resources/app/out/main.js
- 
[2020-10-22 02:19:53.912] [main] [error] Error: Cannot find module '../build/Release/sqlite'
Require stack:
- /usr/share/code-oss/resources/app/node_modules.asar/vscode-sqlite3/lib/sqlite3.js
- /usr/share/code-oss/resources/app/out/bootstrap-amd.js
- /usr/share/code-oss/resources/app/out/main.js
- 
    at Module._resolveFilename (internal/modules/cjs/loader.js:717:15)
    at Function../lib/common/reset-search-paths.ts.Module._resolveFilename (electron/js2c/browser_init.js:7645:16)
    at Module._load (internal/modules/cjs/loader.js:622:27)
    at Module._load (electron/js2c/asar.js:717:26)
    at Function.Module._load (electron/js2c/asar.js:717:26)
    at Module.require (internal/modules/cjs/loader.js:775:19)
    at require (/usr/share/code-oss/resources/app/out/vs/loader.js:694:36)
    at Object.<anonymous> (/usr/share/code-oss/resources/app/node_modules.asar/vscode-sqlite3/lib/sqlite3.js:1:77)
    at Module._compile (/usr/share/code-oss/resources/app/out/vs/loader.js:731:45)
    at Object.Module._extensions..js (internal/modules/cjs/loader.js:892:10)
    at Module.load (internal/modules/cjs/loader.js:735:32)
    at Module._load (internal/modules/cjs/loader.js:648:12)
    at Module._load (electron/js2c/asar.js:717:26)
    at Function.Module._load (electron/js2c/asar.js:717:26)
    at Module.require (internal/modules/cjs/loader.js:775:19)
    at require (internal/modules/cjs/helpers.js:68:18)
    at NodeScriptLoader.load (/usr/share/code-oss/resources/app/out/vs/loader.js:750:39)
    at OnlyOnceScriptLoader.load (/usr/share/code-oss/resources/app/out/vs/loader.js:588:32)
    at loadNextPath (/usr/share/code-oss/resources/app/out/vs/loader.js:1530:41)
    at Object.errorback (/usr/share/code-oss/resources/app/out/vs/loader.js:1538:25)
    at OnlyOnceScriptLoader.triggerErrorback (/usr/share/code-oss/resources/app/out/vs/loader.js:601:36)
    at /usr/share/code-oss/resources/app/out/vs/loader.js:588:151
    at /usr/share/code-oss/resources/app/out/vs/loader.js:767:25
    at step_1 (/usr/share/code-oss/resources/app/out/vs/loader.js:889:25)
    at ReadFileContext.callback (/usr/share/code-oss/resources/app/out/vs/loader.js:897:21)
    at FSReqCallback.readFileAfterOpen [as oncomplete] (fs.js:246:13)
[2020-10-22 03:19:34.128] [main] [error] [uncaught exception in main]: Error: Cannot find module '../build/Release/sqlite'
Require stack:
- /usr/share/code-oss/resources/app/node_modules.asar/vscode-sqlite3/lib/sqlite3.js
- /usr/share/code-oss/resources/app/out/bootstrap-amd.js
- /usr/share/code-oss/resources/app/out/main.js
- 
[2020-10-22 03:19:34.129] [main] [error] Error: Cannot find module '../build/Release/sqlite'
Require stack:
- /usr/share/code-oss/resources/app/node_modules.asar/vscode-sqlite3/lib/sqlite3.js
- /usr/share/code-oss/resources/app/out/bootstrap-amd.js
- /usr/share/code-oss/resources/app/out/main.js
- 
    at Module._resolveFilename (internal/modules/cjs/loader.js:717:15)
    at Function../lib/common/reset-search-paths.ts.Module._resolveFilename (electron/js2c/browser_init.js:7645:16)
    at Module._load (internal/modules/cjs/loader.js:622:27)
    at Module._load (electron/js2c/asar.js:717:26)
    at Function.Module._load (electron/js2c/asar.js:717:26)
    at Module.require (internal/modules/cjs/loader.js:775:19)
    at require (/usr/share/code-oss/resources/app/out/vs/loader.js:694:36)
    at Object.<anonymous> (/usr/share/code-oss/resources/app/node_modules.asar/vscode-sqlite3/lib/sqlite3.js:1:77)
    at Module._compile (/usr/share/code-oss/resources/app/out/vs/loader.js:731:45)
    at Object.Module._extensions..js (internal/modules/cjs/loader.js:892:10)
    at Module.load (internal/modules/cjs/loader.js:735:32)
    at Module._load (internal/modules/cjs/loader.js:648:12)
    at Module._load (electron/js2c/asar.js:717:26)
    at Function.Module._load (electron/js2c/asar.js:717:26)
    at Module.require (internal/modules/cjs/loader.js:775:19)
    at require (internal/modules/cjs/helpers.js:68:18)
    at NodeScriptLoader.load (/usr/share/code-oss/resources/app/out/vs/loader.js:750:39)
    at OnlyOnceScriptLoader.load (/usr/share/code-oss/resources/app/out/vs/loader.js:588:32)
    at loadNextPath (/usr/share/code-oss/resources/app/out/vs/loader.js:1530:41)
    at Object.errorback (/usr/share/code-oss/resources/app/out/vs/loader.js:1538:25)
    at OnlyOnceScriptLoader.triggerErrorback (/usr/share/code-oss/resources/app/out/vs/loader.js:601:36)
    at /usr/share/code-oss/resources/app/out/vs/loader.js:588:151
    at /usr/share/code-oss/resources/app/out/vs/loader.js:767:25
    at step_1 (/usr/share/code-oss/resources/app/out/vs/loader.js:889:25)
    at ReadFileContext.callback (/usr/share/code-oss/resources/app/out/vs/loader.js:897:21)
    at FSReqCallback.readFileAfterOpen [as oncomplete] (fs.js:246:13)
[2020-10-22 03:31:38.125] [main] [error] Error: Cannot find module '../build/Release/sqlite'
Require stack:
- /usr/share/code-oss/resources/app/node_modules.asar/vscode-sqlite3/lib/sqlite3.js
- /usr/share/code-oss/resources/app/out/bootstrap-amd.js
- /usr/share/code-oss/resources/app/out/main.js
- 
    at Module._resolveFilename (internal/modules/cjs/loader.js:717:15)
    at Function../lib/common/reset-search-paths.ts.Module._resolveFilename (electron/js2c/browser_init.js:7645:16)
    at Module._load (internal/modules/cjs/loader.js:622:27)
    at Module._load (electron/js2c/asar.js:717:26)
    at Function.Module._load (electron/js2c/asar.js:717:26)
    at Module.require (internal/modules/cjs/loader.js:775:19)
    at require (/usr/share/code-oss/resources/app/out/vs/loader.js:694:36)
    at Object.<anonymous> (/usr/share/code-oss/resources/app/node_modules.asar/vscode-sqlite3/lib/sqlite3.js:1:77)
    at Module._compile (/usr/share/code-oss/resources/app/out/vs/loader.js:731:45)
    at Object.Module._extensions..js (internal/modules/cjs/loader.js:892:10)
    at Module.load (internal/modules/cjs/loader.js:735:32)
    at Module._load (internal/modules/cjs/loader.js:648:12)
    at Module._load (electron/js2c/asar.js:717:26)
    at Function.Module._load (electron/js2c/asar.js:717:26)
    at Module.require (internal/modules/cjs/loader.js:775:19)
    at require (internal/modules/cjs/helpers.js:68:18)
    at NodeScriptLoader.load (/usr/share/code-oss/resources/app/out/vs/loader.js:750:39)
    at OnlyOnceScriptLoader.load (/usr/share/code-oss/resources/app/out/vs/loader.js:588:32)
    at loadNextPath (/usr/share/code-oss/resources/app/out/vs/loader.js:1530:41)
    at Object.errorback (/usr/share/code-oss/resources/app/out/vs/loader.js:1538:25)
    at OnlyOnceScriptLoader.triggerErrorback (/usr/share/code-oss/resources/app/out/vs/loader.js:601:36)
    at /usr/share/code-oss/resources/app/out/vs/loader.js:588:151
    at /usr/share/code-oss/resources/app/out/vs/loader.js:767:25
    at step_1 (/usr/share/code-oss/resources/app/out/vs/loader.js:889:25)
    at ReadFileContext.callback (/usr/share/code-oss/resources/app/out/vs/loader.js:897:21)
    at FSReqCallback.readFileAfterOpen [as oncomplete] (fs.js:246:13)
