[2020-10-23 21:43:14.895] [main] [info] update#ctor - updates are disabled as there is no update URL
[2020-10-23 21:43:15.414] [main] [error] [storage state.vscdb] open(): Unable to open DB due to Error: Cannot find module '../build/Release/sqlite'
Require stack:
- /usr/share/code-oss/resources/app/node_modules.asar/vscode-sqlite3/lib/sqlite3.js
- /usr/share/code-oss/resources/app/out/bootstrap-amd.js
- /usr/share/code-oss/resources/app/out/main.js
- 
[2020-10-23 21:43:15.475] [main] [error] [storage state.vscdb] open(): Unable to use backup due to Error: ENOENT: no such file or directory, unlink '/home/pi/Documents/code_projects/EPIJudge/epi_judge_python/User/globalStorage/state.vscdb'
[2020-10-23 21:43:15.479] [main] [error] [storage] init(): Unable to init global storage due to Error: Cannot find module '../build/Release/sqlite'
Require stack:
- /usr/share/code-oss/resources/app/node_modules.asar/vscode-sqlite3/lib/sqlite3.js
- /usr/share/code-oss/resources/app/out/bootstrap-amd.js
- /usr/share/code-oss/resources/app/out/main.js
- 
[2020-10-23 21:43:15.705] [main] [error] [uncaught exception in main]: Error: Cannot find module '../build/Release/sqlite'
Require stack:
- /usr/share/code-oss/resources/app/node_modules.asar/vscode-sqlite3/lib/sqlite3.js
- /usr/share/code-oss/resources/app/out/bootstrap-amd.js
- /usr/share/code-oss/resources/app/out/main.js
- 
[2020-10-23 21:43:15.706] [main] [error] Error: Cannot find module '../build/Release/sqlite'
Require stack:
- /usr/share/code-oss/resources/app/node_modules.asar/vscode-sqlite3/lib/sqlite3.js
- /usr/share/code-oss/resources/app/out/bootstrap-amd.js
- /usr/share/code-oss/resources/app/out/main.js
- 
    at Module._resolveFilename (internal/modules/cjs/loader.js:717:15)
    at Function../lib/common/reset-search-paths.ts.Module._resolveFilename (electron/js2c/browser_init.js:7645:16)
    at Module._load (internal/modules/cjs/loader.js:622:27)
    at Module._load (electron/js2c/asar.js:717:26)
    at Function.Module._load (electron/js2c/asar.js:717:26)
    at Module.require (internal/modules/cjs/loader.js:775:19)
    at require (/usr/share/code-oss/resources/app/out/vs/loader.js:694:36)
    at Object.<anonymous> (/usr/share/code-oss/resources/app/node_modules.asar/vscode-sqlite3/lib/sqlite3.js:1:77)
    at Module._compile (/usr/share/code-oss/resources/app/out/vs/loader.js:731:45)
    at Object.Module._extensions..js (internal/modules/cjs/loader.js:892:10)
    at Module.load (internal/modules/cjs/loader.js:735:32)
    at Module._load (internal/modules/cjs/loader.js:648:12)
    at Module._load (electron/js2c/asar.js:717:26)
    at Function.Module._load (electron/js2c/asar.js:717:26)
    at Module.require (internal/modules/cjs/loader.js:775:19)
    at require (internal/modules/cjs/helpers.js:68:18)
    at NodeScriptLoader.load (/usr/share/code-oss/resources/app/out/vs/loader.js:750:39)
    at OnlyOnceScriptLoader.load (/usr/share/code-oss/resources/app/out/vs/loader.js:588:32)
    at loadNextPath (/usr/share/code-oss/resources/app/out/vs/loader.js:1530:41)
    at Object.errorback (/usr/share/code-oss/resources/app/out/vs/loader.js:1538:25)
    at OnlyOnceScriptLoader.triggerErrorback (/usr/share/code-oss/resources/app/out/vs/loader.js:601:36)
    at /usr/share/code-oss/resources/app/out/vs/loader.js:588:151
    at /usr/share/code-oss/resources/app/out/vs/loader.js:767:25
    at step_1 (/usr/share/code-oss/resources/app/out/vs/loader.js:889:25)
    at ReadFileContext.callback (/usr/share/code-oss/resources/app/out/vs/loader.js:897:21)
    at FSReqCallback.readFileAfterOpen [as oncomplete] (fs.js:246:13)
[2020-10-23 21:43:21.087] [main] [error] [uncaught exception in main]: Error: Cannot find module '../build/Release/sqlite'
Require stack:
- /usr/share/code-oss/resources/app/node_modules.asar/vscode-sqlite3/lib/sqlite3.js
- /usr/share/code-oss/resources/app/out/bootstrap-amd.js
- /usr/share/code-oss/resources/app/out/main.js
- 
[2020-10-23 21:43:21.088] [main] [error] Error: Cannot find module '../build/Release/sqlite'
Require stack:
- /usr/share/code-oss/resources/app/node_modules.asar/vscode-sqlite3/lib/sqlite3.js
- /usr/share/code-oss/resources/app/out/bootstrap-amd.js
- /usr/share/code-oss/resources/app/out/main.js
- 
    at Module._resolveFilename (internal/modules/cjs/loader.js:717:15)
    at Function../lib/common/reset-search-paths.ts.Module._resolveFilename (electron/js2c/browser_init.js:7645:16)
    at Module._load (internal/modules/cjs/loader.js:622:27)
    at Module._load (electron/js2c/asar.js:717:26)
    at Function.Module._load (electron/js2c/asar.js:717:26)
    at Module.require (internal/modules/cjs/loader.js:775:19)
    at require (/usr/share/code-oss/resources/app/out/vs/loader.js:694:36)
    at Object.<anonymous> (/usr/share/code-oss/resources/app/node_modules.asar/vscode-sqlite3/lib/sqlite3.js:1:77)
    at Module._compile (/usr/share/code-oss/resources/app/out/vs/loader.js:731:45)
    at Object.Module._extensions..js (internal/modules/cjs/loader.js:892:10)
    at Module.load (internal/modules/cjs/loader.js:735:32)
    at Module._load (internal/modules/cjs/loader.js:648:12)
    at Module._load (electron/js2c/asar.js:717:26)
    at Function.Module._load (electron/js2c/asar.js:717:26)
    at Module.require (internal/modules/cjs/loader.js:775:19)
    at require (internal/modules/cjs/helpers.js:68:18)
    at NodeScriptLoader.load (/usr/share/code-oss/resources/app/out/vs/loader.js:750:39)
    at OnlyOnceScriptLoader.load (/usr/share/code-oss/resources/app/out/vs/loader.js:588:32)
    at loadNextPath (/usr/share/code-oss/resources/app/out/vs/loader.js:1530:41)
    at Object.errorback (/usr/share/code-oss/resources/app/out/vs/loader.js:1538:25)
    at OnlyOnceScriptLoader.triggerErrorback (/usr/share/code-oss/resources/app/out/vs/loader.js:601:36)
    at /usr/share/code-oss/resources/app/out/vs/loader.js:588:151
    at /usr/share/code-oss/resources/app/out/vs/loader.js:767:25
    at step_1 (/usr/share/code-oss/resources/app/out/vs/loader.js:889:25)
    at ReadFileContext.callback (/usr/share/code-oss/resources/app/out/vs/loader.js:897:21)
    at FSReqCallback.readFileAfterOpen [as oncomplete] (fs.js:246:13)
[2020-10-23 21:43:21.651] [main] [error] [uncaught exception in main]: Error: Cannot find module '../build/Release/sqlite'
Require stack:
- /usr/share/code-oss/resources/app/node_modules.asar/vscode-sqlite3/lib/sqlite3.js
- /usr/share/code-oss/resources/app/out/bootstrap-amd.js
- /usr/share/code-oss/resources/app/out/main.js
- 
[2020-10-23 21:43:21.651] [main] [error] Error: Cannot find module '../build/Release/sqlite'
Require stack:
- /usr/share/code-oss/resources/app/node_modules.asar/vscode-sqlite3/lib/sqlite3.js
- /usr/share/code-oss/resources/app/out/bootstrap-amd.js
- /usr/share/code-oss/resources/app/out/main.js
- 
    at Module._resolveFilename (internal/modules/cjs/loader.js:717:15)
    at Function../lib/common/reset-search-paths.ts.Module._resolveFilename (electron/js2c/browser_init.js:7645:16)
    at Module._load (internal/modules/cjs/loader.js:622:27)
    at Module._load (electron/js2c/asar.js:717:26)
    at Function.Module._load (electron/js2c/asar.js:717:26)
    at Module.require (internal/modules/cjs/loader.js:775:19)
    at require (/usr/share/code-oss/resources/app/out/vs/loader.js:694:36)
    at Object.<anonymous> (/usr/share/code-oss/resources/app/node_modules.asar/vscode-sqlite3/lib/sqlite3.js:1:77)
    at Module._compile (/usr/share/code-oss/resources/app/out/vs/loader.js:731:45)
    at Object.Module._extensions..js (internal/modules/cjs/loader.js:892:10)
    at Module.load (internal/modules/cjs/loader.js:735:32)
    at Module._load (internal/modules/cjs/loader.js:648:12)
    at Module._load (electron/js2c/asar.js:717:26)
    at Function.Module._load (electron/js2c/asar.js:717:26)
    at Module.require (internal/modules/cjs/loader.js:775:19)
    at require (internal/modules/cjs/helpers.js:68:18)
    at NodeScriptLoader.load (/usr/share/code-oss/resources/app/out/vs/loader.js:750:39)
    at OnlyOnceScriptLoader.load (/usr/share/code-oss/resources/app/out/vs/loader.js:588:32)
    at loadNextPath (/usr/share/code-oss/resources/app/out/vs/loader.js:1530:41)
    at Object.errorback (/usr/share/code-oss/resources/app/out/vs/loader.js:1538:25)
    at OnlyOnceScriptLoader.triggerErrorback (/usr/share/code-oss/resources/app/out/vs/loader.js:601:36)
    at /usr/share/code-oss/resources/app/out/vs/loader.js:588:151
    at /usr/share/code-oss/resources/app/out/vs/loader.js:767:25
    at step_1 (/usr/share/code-oss/resources/app/out/vs/loader.js:889:25)
    at ReadFileContext.callback (/usr/share/code-oss/resources/app/out/vs/loader.js:897:21)
    at FSReqCallback.readFileAfterOpen [as oncomplete] (fs.js:246:13)
[2020-10-23 21:43:23.102] [main] [error] [uncaught exception in main]: Error: Cannot find module '../build/Release/sqlite'
Require stack:
- /usr/share/code-oss/resources/app/node_modules.asar/vscode-sqlite3/lib/sqlite3.js
- /usr/share/code-oss/resources/app/out/bootstrap-amd.js
- /usr/share/code-oss/resources/app/out/main.js
- 
[2020-10-23 21:43:23.103] [main] [error] Error: Cannot find module '../build/Release/sqlite'
Require stack:
- /usr/share/code-oss/resources/app/node_modules.asar/vscode-sqlite3/lib/sqlite3.js
- /usr/share/code-oss/resources/app/out/bootstrap-amd.js
- /usr/share/code-oss/resources/app/out/main.js
- 
    at Module._resolveFilename (internal/modules/cjs/loader.js:717:15)
    at Function../lib/common/reset-search-paths.ts.Module._resolveFilename (electron/js2c/browser_init.js:7645:16)
    at Module._load (internal/modules/cjs/loader.js:622:27)
    at Module._load (electron/js2c/asar.js:717:26)
    at Function.Module._load (electron/js2c/asar.js:717:26)
    at Module.require (internal/modules/cjs/loader.js:775:19)
    at require (/usr/share/code-oss/resources/app/out/vs/loader.js:694:36)
    at Object.<anonymous> (/usr/share/code-oss/resources/app/node_modules.asar/vscode-sqlite3/lib/sqlite3.js:1:77)
    at Module._compile (/usr/share/code-oss/resources/app/out/vs/loader.js:731:45)
    at Object.Module._extensions..js (internal/modules/cjs/loader.js:892:10)
    at Module.load (internal/modules/cjs/loader.js:735:32)
    at Module._load (internal/modules/cjs/loader.js:648:12)
    at Module._load (electron/js2c/asar.js:717:26)
    at Function.Module._load (electron/js2c/asar.js:717:26)
    at Module.require (internal/modules/cjs/loader.js:775:19)
    at require (internal/modules/cjs/helpers.js:68:18)
    at NodeScriptLoader.load (/usr/share/code-oss/resources/app/out/vs/loader.js:750:39)
    at OnlyOnceScriptLoader.load (/usr/share/code-oss/resources/app/out/vs/loader.js:588:32)
    at loadNextPath (/usr/share/code-oss/resources/app/out/vs/loader.js:1530:41)
    at Object.errorback (/usr/share/code-oss/resources/app/out/vs/loader.js:1538:25)
    at OnlyOnceScriptLoader.triggerErrorback (/usr/share/code-oss/resources/app/out/vs/loader.js:601:36)
    at /usr/share/code-oss/resources/app/out/vs/loader.js:588:151
    at /usr/share/code-oss/resources/app/out/vs/loader.js:767:25
    at step_1 (/usr/share/code-oss/resources/app/out/vs/loader.js:889:25)
    at ReadFileContext.callback (/usr/share/code-oss/resources/app/out/vs/loader.js:897:21)
    at FSReqCallback.readFileAfterOpen [as oncomplete] (fs.js:246:13)
[2020-10-23 21:43:23.404] [main] [error] [uncaught exception in main]: Error: Cannot find module '../build/Release/sqlite'
Require stack:
- /usr/share/code-oss/resources/app/node_modules.asar/vscode-sqlite3/lib/sqlite3.js
- /usr/share/code-oss/resources/app/out/bootstrap-amd.js
- /usr/share/code-oss/resources/app/out/main.js
- 
[2020-10-23 21:43:23.405] [main] [error] Error: Cannot find module '../build/Release/sqlite'
Require stack:
- /usr/share/code-oss/resources/app/node_modules.asar/vscode-sqlite3/lib/sqlite3.js
- /usr/share/code-oss/resources/app/out/bootstrap-amd.js
- /usr/share/code-oss/resources/app/out/main.js
- 
    at Module._resolveFilename (internal/modules/cjs/loader.js:717:15)
    at Function../lib/common/reset-search-paths.ts.Module._resolveFilename (electron/js2c/browser_init.js:7645:16)
    at Module._load (internal/modules/cjs/loader.js:622:27)
    at Module._load (electron/js2c/asar.js:717:26)
    at Function.Module._load (electron/js2c/asar.js:717:26)
    at Module.require (internal/modules/cjs/loader.js:775:19)
    at require (/usr/share/code-oss/resources/app/out/vs/loader.js:694:36)
    at Object.<anonymous> (/usr/share/code-oss/resources/app/node_modules.asar/vscode-sqlite3/lib/sqlite3.js:1:77)
    at Module._compile (/usr/share/code-oss/resources/app/out/vs/loader.js:731:45)
    at Object.Module._extensions..js (internal/modules/cjs/loader.js:892:10)
    at Module.load (internal/modules/cjs/loader.js:735:32)
    at Module._load (internal/modules/cjs/loader.js:648:12)
    at Module._load (electron/js2c/asar.js:717:26)
    at Function.Module._load (electron/js2c/asar.js:717:26)
    at Module.require (internal/modules/cjs/loader.js:775:19)
    at require (internal/modules/cjs/helpers.js:68:18)
    at NodeScriptLoader.load (/usr/share/code-oss/resources/app/out/vs/loader.js:750:39)
    at OnlyOnceScriptLoader.load (/usr/share/code-oss/resources/app/out/vs/loader.js:588:32)
    at loadNextPath (/usr/share/code-oss/resources/app/out/vs/loader.js:1530:41)
    at Object.errorback (/usr/share/code-oss/resources/app/out/vs/loader.js:1538:25)
    at OnlyOnceScriptLoader.triggerErrorback (/usr/share/code-oss/resources/app/out/vs/loader.js:601:36)
    at /usr/share/code-oss/resources/app/out/vs/loader.js:588:151
    at /usr/share/code-oss/resources/app/out/vs/loader.js:767:25
    at step_1 (/usr/share/code-oss/resources/app/out/vs/loader.js:889:25)
    at ReadFileContext.callback (/usr/share/code-oss/resources/app/out/vs/loader.js:897:21)
    at FSReqCallback.readFileAfterOpen [as oncomplete] (fs.js:246:13)
[2020-10-23 21:43:23.815] [main] [error] [uncaught exception in main]: Error: Cannot find module '../build/Release/sqlite'
Require stack:
- /usr/share/code-oss/resources/app/node_modules.asar/vscode-sqlite3/lib/sqlite3.js
- /usr/share/code-oss/resources/app/out/bootstrap-amd.js
- /usr/share/code-oss/resources/app/out/main.js
- 
[2020-10-23 21:43:23.820] [main] [error] Error: Cannot find module '../build/Release/sqlite'
Require stack:
- /usr/share/code-oss/resources/app/node_modules.asar/vscode-sqlite3/lib/sqlite3.js
- /usr/share/code-oss/resources/app/out/bootstrap-amd.js
- /usr/share/code-oss/resources/app/out/main.js
- 
    at Module._resolveFilename (internal/modules/cjs/loader.js:717:15)
    at Function../lib/common/reset-search-paths.ts.Module._resolveFilename (electron/js2c/browser_init.js:7645:16)
    at Module._load (internal/modules/cjs/loader.js:622:27)
    at Module._load (electron/js2c/asar.js:717:26)
    at Function.Module._load (electron/js2c/asar.js:717:26)
    at Module.require (internal/modules/cjs/loader.js:775:19)
    at require (/usr/share/code-oss/resources/app/out/vs/loader.js:694:36)
    at Object.<anonymous> (/usr/share/code-oss/resources/app/node_modules.asar/vscode-sqlite3/lib/sqlite3.js:1:77)
    at Module._compile (/usr/share/code-oss/resources/app/out/vs/loader.js:731:45)
    at Object.Module._extensions..js (internal/modules/cjs/loader.js:892:10)
    at Module.load (internal/modules/cjs/loader.js:735:32)
    at Module._load (internal/modules/cjs/loader.js:648:12)
    at Module._load (electron/js2c/asar.js:717:26)
    at Function.Module._load (electron/js2c/asar.js:717:26)
    at Module.require (internal/modules/cjs/loader.js:775:19)
    at require (internal/modules/cjs/helpers.js:68:18)
    at NodeScriptLoader.load (/usr/share/code-oss/resources/app/out/vs/loader.js:750:39)
    at OnlyOnceScriptLoader.load (/usr/share/code-oss/resources/app/out/vs/loader.js:588:32)
    at loadNextPath (/usr/share/code-oss/resources/app/out/vs/loader.js:1530:41)
    at Object.errorback (/usr/share/code-oss/resources/app/out/vs/loader.js:1538:25)
    at OnlyOnceScriptLoader.triggerErrorback (/usr/share/code-oss/resources/app/out/vs/loader.js:601:36)
    at /usr/share/code-oss/resources/app/out/vs/loader.js:588:151
    at /usr/share/code-oss/resources/app/out/vs/loader.js:767:25
    at step_1 (/usr/share/code-oss/resources/app/out/vs/loader.js:889:25)
    at ReadFileContext.callback (/usr/share/code-oss/resources/app/out/vs/loader.js:897:21)
    at FSReqCallback.readFileAfterOpen [as oncomplete] (fs.js:246:13)
[2020-10-23 21:43:35.408] [main] [error] [uncaught exception in main]: Error: Cannot find module '../build/Release/sqlite'
Require stack:
- /usr/share/code-oss/resources/app/node_modules.asar/vscode-sqlite3/lib/sqlite3.js
- /usr/share/code-oss/resources/app/out/bootstrap-amd.js
- /usr/share/code-oss/resources/app/out/main.js
- 
[2020-10-23 21:43:35.409] [main] [error] Error: Cannot find module '../build/Release/sqlite'
Require stack:
- /usr/share/code-oss/resources/app/node_modules.asar/vscode-sqlite3/lib/sqlite3.js
- /usr/share/code-oss/resources/app/out/bootstrap-amd.js
- /usr/share/code-oss/resources/app/out/main.js
- 
    at Module._resolveFilename (internal/modules/cjs/loader.js:717:15)
    at Function../lib/common/reset-search-paths.ts.Module._resolveFilename (electron/js2c/browser_init.js:7645:16)
    at Module._load (internal/modules/cjs/loader.js:622:27)
    at Module._load (electron/js2c/asar.js:717:26)
    at Function.Module._load (electron/js2c/asar.js:717:26)
    at Module.require (internal/modules/cjs/loader.js:775:19)
    at require (/usr/share/code-oss/resources/app/out/vs/loader.js:694:36)
    at Object.<anonymous> (/usr/share/code-oss/resources/app/node_modules.asar/vscode-sqlite3/lib/sqlite3.js:1:77)
    at Module._compile (/usr/share/code-oss/resources/app/out/vs/loader.js:731:45)
    at Object.Module._extensions..js (internal/modules/cjs/loader.js:892:10)
    at Module.load (internal/modules/cjs/loader.js:735:32)
    at Module._load (internal/modules/cjs/loader.js:648:12)
    at Module._load (electron/js2c/asar.js:717:26)
    at Function.Module._load (electron/js2c/asar.js:717:26)
    at Module.require (internal/modules/cjs/loader.js:775:19)
    at require (internal/modules/cjs/helpers.js:68:18)
    at NodeScriptLoader.load (/usr/share/code-oss/resources/app/out/vs/loader.js:750:39)
    at OnlyOnceScriptLoader.load (/usr/share/code-oss/resources/app/out/vs/loader.js:588:32)
    at loadNextPath (/usr/share/code-oss/resources/app/out/vs/loader.js:1530:41)
    at Object.errorback (/usr/share/code-oss/resources/app/out/vs/loader.js:1538:25)
    at OnlyOnceScriptLoader.triggerErrorback (/usr/share/code-oss/resources/app/out/vs/loader.js:601:36)
    at /usr/share/code-oss/resources/app/out/vs/loader.js:588:151
    at /usr/share/code-oss/resources/app/out/vs/loader.js:767:25
    at step_1 (/usr/share/code-oss/resources/app/out/vs/loader.js:889:25)
    at ReadFileContext.callback (/usr/share/code-oss/resources/app/out/vs/loader.js:897:21)
    at FSReqCallback.readFileAfterOpen [as oncomplete] (fs.js:246:13)
[2020-10-23 21:43:35.486] [main] [error] Error: Cannot find module '../build/Release/sqlite'
Require stack:
- /usr/share/code-oss/resources/app/node_modules.asar/vscode-sqlite3/lib/sqlite3.js
- /usr/share/code-oss/resources/app/out/bootstrap-amd.js
- /usr/share/code-oss/resources/app/out/main.js
- 
    at Module._resolveFilename (internal/modules/cjs/loader.js:717:15)
    at Function../lib/common/reset-search-paths.ts.Module._resolveFilename (electron/js2c/browser_init.js:7645:16)
    at Module._load (internal/modules/cjs/loader.js:622:27)
    at Module._load (electron/js2c/asar.js:717:26)
    at Function.Module._load (electron/js2c/asar.js:717:26)
    at Module.require (internal/modules/cjs/loader.js:775:19)
    at require (/usr/share/code-oss/resources/app/out/vs/loader.js:694:36)
    at Object.<anonymous> (/usr/share/code-oss/resources/app/node_modules.asar/vscode-sqlite3/lib/sqlite3.js:1:77)
    at Module._compile (/usr/share/code-oss/resources/app/out/vs/loader.js:731:45)
    at Object.Module._extensions..js (internal/modules/cjs/loader.js:892:10)
    at Module.load (internal/modules/cjs/loader.js:735:32)
    at Module._load (internal/modules/cjs/loader.js:648:12)
    at Module._load (electron/js2c/asar.js:717:26)
    at Function.Module._load (electron/js2c/asar.js:717:26)
    at Module.require (internal/modules/cjs/loader.js:775:19)
    at require (internal/modules/cjs/helpers.js:68:18)
    at NodeScriptLoader.load (/usr/share/code-oss/resources/app/out/vs/loader.js:750:39)
    at OnlyOnceScriptLoader.load (/usr/share/code-oss/resources/app/out/vs/loader.js:588:32)
    at loadNextPath (/usr/share/code-oss/resources/app/out/vs/loader.js:1530:41)
    at Object.errorback (/usr/share/code-oss/resources/app/out/vs/loader.js:1538:25)
    at OnlyOnceScriptLoader.triggerErrorback (/usr/share/code-oss/resources/app/out/vs/loader.js:601:36)
    at /usr/share/code-oss/resources/app/out/vs/loader.js:588:151
    at /usr/share/code-oss/resources/app/out/vs/loader.js:767:25
    at step_1 (/usr/share/code-oss/resources/app/out/vs/loader.js:889:25)
    at ReadFileContext.callback (/usr/share/code-oss/resources/app/out/vs/loader.js:897:21)
    at FSReqCallback.readFileAfterOpen [as oncomplete] (fs.js:246:13)
