[2020-10-22 01:58:10.737] [exthost] [info] extension host started
[2020-10-22 01:58:10.912] [exthost] [info] ExtensionService#_doActivateExtension vscode.debug-auto-launch {"startup":true,"extensionId":{"value":"vscode.debug-auto-launch","_lower":"vscode.debug-auto-launch"},"activationEvent":"*"}
[2020-10-22 01:58:10.913] [exthost] [info] ExtensionService#loadCommonJSModule file:///usr/share/code-oss/resources/app/extensions/debug-auto-launch/dist/extension
[2020-10-22 01:58:10.927] [exthost] [info] ExtensionService#_doActivateExtension vscode.emmet {"startup":true,"extensionId":{"value":"vscode.emmet","_lower":"vscode.emmet"},"activationEvent":"*"}
[2020-10-22 01:58:10.927] [exthost] [info] ExtensionService#loadCommonJSModule file:///usr/share/code-oss/resources/app/extensions/emmet/dist/extension
[2020-10-22 01:58:11.033] [exthost] [info] ExtensionService#_doActivateExtension vscode.git {"startup":true,"extensionId":{"value":"vscode.git","_lower":"vscode.git"},"activationEvent":"*"}
[2020-10-22 01:58:11.033] [exthost] [info] ExtensionService#loadCommonJSModule file:///usr/share/code-oss/resources/app/extensions/git/dist/main
[2020-10-22 01:58:11.186] [exthost] [info] ExtensionService#_doActivateExtension vscode.github-authentication {"startup":true,"extensionId":{"value":"vscode.github-authentication","_lower":"vscode.github-authentication"},"activationEvent":"*"}
[2020-10-22 01:58:11.187] [exthost] [info] ExtensionService#loadCommonJSModule file:///usr/share/code-oss/resources/app/extensions/github-authentication/dist/extension.js
[2020-10-22 01:58:11.198] [exthost] [info] ExtensionService#_doActivateExtension vscode.merge-conflict {"startup":true,"extensionId":{"value":"vscode.merge-conflict","_lower":"vscode.merge-conflict"},"activationEvent":"*"}
[2020-10-22 01:58:11.198] [exthost] [info] ExtensionService#loadCommonJSModule file:///usr/share/code-oss/resources/app/extensions/merge-conflict/dist/extension
[2020-10-22 01:58:11.208] [exthost] [info] ExtensionService#_doActivateExtension vscode.search-result {"startup":true,"extensionId":{"value":"vscode.search-result","_lower":"vscode.search-result"},"activationEvent":"*"}
[2020-10-22 01:58:11.208] [exthost] [info] ExtensionService#loadCommonJSModule file:///usr/share/code-oss/resources/app/extensions/search-result/dist/extension.js
[2020-10-22 01:58:11.211] [exthost] [info] ExtensionService#_doActivateExtension vscode.vscode-account {"startup":true,"extensionId":{"value":"vscode.vscode-account","_lower":"vscode.vscode-account"},"activationEvent":"*"}
[2020-10-22 01:58:11.212] [exthost] [info] ExtensionService#loadCommonJSModule file:///usr/share/code-oss/resources/app/extensions/vscode-account/dist/extension.js
[2020-10-22 01:58:11.226] [exthost] [info] eager extensions activated
[2020-10-22 01:58:50.917] [exthost] [info] extension host started
[2020-10-22 01:58:50.945] [exthost] [info] ExtensionService#_doActivateExtension vscode.debug-auto-launch {"startup":true,"extensionId":{"value":"vscode.debug-auto-launch","_lower":"vscode.debug-auto-launch"},"activationEvent":"*"}
[2020-10-22 01:58:50.945] [exthost] [info] ExtensionService#loadCommonJSModule file:///usr/share/code-oss/resources/app/extensions/debug-auto-launch/dist/extension
[2020-10-22 01:58:50.959] [exthost] [info] ExtensionService#_doActivateExtension vscode.emmet {"startup":true,"extensionId":{"value":"vscode.emmet","_lower":"vscode.emmet"},"activationEvent":"*"}
[2020-10-22 01:58:50.959] [exthost] [info] ExtensionService#loadCommonJSModule file:///usr/share/code-oss/resources/app/extensions/emmet/dist/extension
[2020-10-22 01:58:50.996] [exthost] [info] ExtensionService#_doActivateExtension vscode.git {"startup":true,"extensionId":{"value":"vscode.git","_lower":"vscode.git"},"activationEvent":"*"}
[2020-10-22 01:58:50.996] [exthost] [info] ExtensionService#loadCommonJSModule file:///usr/share/code-oss/resources/app/extensions/git/dist/main
[2020-10-22 01:58:51.075] [exthost] [info] ExtensionService#_doActivateExtension vscode.github-authentication {"startup":true,"extensionId":{"value":"vscode.github-authentication","_lower":"vscode.github-authentication"},"activationEvent":"*"}
[2020-10-22 01:58:51.075] [exthost] [info] ExtensionService#loadCommonJSModule file:///usr/share/code-oss/resources/app/extensions/github-authentication/dist/extension.js
[2020-10-22 01:58:51.087] [exthost] [info] ExtensionService#_doActivateExtension vscode.merge-conflict {"startup":true,"extensionId":{"value":"vscode.merge-conflict","_lower":"vscode.merge-conflict"},"activationEvent":"*"}
[2020-10-22 01:58:51.087] [exthost] [info] ExtensionService#loadCommonJSModule file:///usr/share/code-oss/resources/app/extensions/merge-conflict/dist/extension
[2020-10-22 01:58:51.095] [exthost] [info] ExtensionService#_doActivateExtension vscode.search-result {"startup":true,"extensionId":{"value":"vscode.search-result","_lower":"vscode.search-result"},"activationEvent":"*"}
[2020-10-22 01:58:51.096] [exthost] [info] ExtensionService#loadCommonJSModule file:///usr/share/code-oss/resources/app/extensions/search-result/dist/extension.js
[2020-10-22 01:58:51.101] [exthost] [info] ExtensionService#_doActivateExtension vscode.vscode-account {"startup":true,"extensionId":{"value":"vscode.vscode-account","_lower":"vscode.vscode-account"},"activationEvent":"*"}
[2020-10-22 01:58:51.102] [exthost] [info] ExtensionService#loadCommonJSModule file:///usr/share/code-oss/resources/app/extensions/vscode-account/dist/extension.js
[2020-10-22 01:58:51.116] [exthost] [info] eager extensions activated
[2020-10-22 01:59:19.062] [exthost] [info] ExtensionService#_doActivateExtension vscode.python {"startup":false,"extensionId":{"value":"vscode.python","_lower":"vscode.python"},"activationEvent":"onLanguage:python"}
[2020-10-22 01:59:19.065] [exthost] [info] ExtensionService#loadCommonJSModule file:///usr/share/code-oss/resources/app/extensions/python/dist/pythonMain
[2020-10-22 02:00:01.228] [exthost] [info] ExtensionService#_doActivateExtension ms-python.python {"startup":false,"extensionId":{"value":"ms-python.python","_lower":"ms-python.python"},"activationEvent":"onLanguage:python"}
[2020-10-22 02:00:01.229] [exthost] [info] ExtensionService#loadCommonJSModule file:///root/.vscode-oss/extensions/ms-python.python-2020.6.91350/out/client/extension
